<?xml version="1.0" encoding="UTF-8"?>
<robot generator="Rebot 6.0 (Python 3.10.8 on win32)" generated="20221022 22:13:13.217" rpa="false" schemaversion="3">
<suite id="s1" name="Suites">
<suite id="s1-s1" name="TC1 LoginPage" source="E:\Project\Robot Project\SauceDemoRobotFramework\TestCases\TC1_LoginPage.robot">
<test id="s1-s1-t1" name="Login in the website" line="11">
<kw name="Open my Browser" library="CommonPage" type="SETUP">
<kw name="Open Browser" library="SeleniumLibrary">
<arg>${site}</arg>
<arg>${browser}</arg>
<doc>Opens a new browser instance to the optional ``url``.</doc>
<msg timestamp="20221022 22:12:06.841" level="INFO">Opening browser 'headlessChrome' to base url 'https://www.saucedemo.com/'.</msg>
<status status="PASS" starttime="20221022 22:12:06.841" endtime="20221022 22:12:10.967"/>
</kw>
<kw name="Maximize Browser Window" library="SeleniumLibrary">
<doc>Maximizes current browser window.</doc>
<status status="PASS" starttime="20221022 22:12:10.968" endtime="20221022 22:12:11.081"/>
</kw>
<status status="PASS" starttime="20221022 22:12:06.841" endtime="20221022 22:12:11.081"/>
</kw>
<kw name="Enter Login Credentials and verfiy the page" library="LoginPage">
<kw name="Set Selenium Implicit Wait" library="SeleniumLibrary">
<arg>10</arg>
<doc>Sets the implicit wait value used by Selenium.</doc>
<status status="PASS" starttime="20221022 22:12:11.083" endtime="20221022 22:12:11.085"/>
</kw>
<kw name="Input Text" library="SeleniumLibrary">
<arg>${txt_username}</arg>
<arg>${username}</arg>
<doc>Types the given ``text`` into the text field identified by ``locator``.</doc>
<msg timestamp="20221022 22:12:11.087" level="INFO">Typing text 'standard_user' into text field '//input[@placeholder='Username']'.</msg>
<status status="PASS" starttime="20221022 22:12:11.086" endtime="20221022 22:12:11.324"/>
</kw>
<kw name="Input Password" library="SeleniumLibrary">
<arg>${txt_password}</arg>
<arg>${password}</arg>
<doc>Types the given password into the text field identified by ``locator``.</doc>
<msg timestamp="20221022 22:12:11.327" level="INFO">Typing password into text field '//input[@placeholder='Password']'.</msg>
<msg timestamp="20221022 22:12:11.399" level="INFO">Temporally setting log level to: NONE</msg>
<msg timestamp="20221022 22:12:11.507" level="INFO">Log level changed from NONE to INFO.</msg>
<status status="PASS" starttime="20221022 22:12:11.325" endtime="20221022 22:12:11.508"/>
</kw>
<kw name="Click Element" library="SeleniumLibrary">
<arg>${btn_login}</arg>
<doc>Click the element identified by ``locator``.</doc>
<msg timestamp="20221022 22:12:11.510" level="INFO">Clicking element '//input[@type='submit']'.</msg>
<status status="PASS" starttime="20221022 22:12:11.508" endtime="20221022 22:12:11.691"/>
</kw>
<kw name="Page Should Contain" library="SeleniumLibrary">
<arg>Sauce Labs</arg>
<doc>Verifies that current page contains ``text``.</doc>
<msg timestamp="20221022 22:12:11.724" level="INFO">Current page contains text 'Sauce Labs'.</msg>
<status status="PASS" starttime="20221022 22:12:11.692" endtime="20221022 22:12:11.724"/>
</kw>
<status status="PASS" starttime="20221022 22:12:11.082" endtime="20221022 22:12:11.725"/>
</kw>
<kw name="Logout from the website" library="LogoutPage">
<kw name="Click Button" library="SeleniumLibrary">
<arg>${btn_menu}</arg>
<doc>Clicks the button identified by ``locator``.</doc>
<msg timestamp="20221022 22:12:11.728" level="INFO">Clicking button '//button[@id='react-burger-menu-btn']'.</msg>
<status status="PASS" starttime="20221022 22:12:11.726" endtime="20221022 22:12:11.815"/>
</kw>
<kw name="Click Link" library="SeleniumLibrary">
<arg>Logout</arg>
<doc>Clicks a link identified by ``locator``.</doc>
<msg timestamp="20221022 22:12:11.816" level="INFO">Clicking link 'Logout'.</msg>
<status status="PASS" starttime="20221022 22:12:11.815" endtime="20221022 22:12:11.951"/>
</kw>
<status status="PASS" starttime="20221022 22:12:11.725" endtime="20221022 22:12:11.951"/>
</kw>
<kw name="Close My Browser" library="CommonPage" type="TEARDOWN">
<kw name="Close All Browsers" library="SeleniumLibrary">
<doc>Closes all open browsers and resets the browser cache.</doc>
<status status="PASS" starttime="20221022 22:12:11.953" endtime="20221022 22:12:14.096"/>
</kw>
<status status="PASS" starttime="20221022 22:12:11.952" endtime="20221022 22:12:14.097"/>
</kw>
<status status="PASS" starttime="20221022 22:12:06.841" endtime="20221022 22:12:14.098"/>
</test>
<status status="PASS" starttime="20221022 22:12:06.434" endtime="20221022 22:12:14.099"/>
</suite>
<suite id="s1-s2" name="TC2 AddProductPage" source="E:\Project\Robot Project\SauceDemoRobotFramework\TestCases\TC2_AddProductPage.robot">
<test id="s1-s2-t1" name="Add Product to Cart" line="12">
<kw name="Open my Browser" library="CommonPage" type="SETUP">
<kw name="Open Browser" library="SeleniumLibrary">
<arg>${site}</arg>
<arg>${browser}</arg>
<doc>Opens a new browser instance to the optional ``url``.</doc>
<msg timestamp="20221022 22:12:06.856" level="INFO">Opening browser 'headlessChrome' to base url 'https://www.saucedemo.com/'.</msg>
<status status="PASS" starttime="20221022 22:12:06.856" endtime="20221022 22:12:10.967"/>
</kw>
<kw name="Maximize Browser Window" library="SeleniumLibrary">
<doc>Maximizes current browser window.</doc>
<status status="PASS" starttime="20221022 22:12:10.967" endtime="20221022 22:12:11.081"/>
</kw>
<status status="PASS" starttime="20221022 22:12:06.856" endtime="20221022 22:12:11.081"/>
</kw>
<kw name="Enter Login Credentials and verfiy the page" library="LoginPage">
<kw name="Set Selenium Implicit Wait" library="SeleniumLibrary">
<arg>10</arg>
<doc>Sets the implicit wait value used by Selenium.</doc>
<status status="PASS" starttime="20221022 22:12:11.083" endtime="20221022 22:12:11.085"/>
</kw>
<kw name="Input Text" library="SeleniumLibrary">
<arg>${txt_username}</arg>
<arg>${username}</arg>
<doc>Types the given ``text`` into the text field identified by ``locator``.</doc>
<msg timestamp="20221022 22:12:11.087" level="INFO">Typing text 'standard_user' into text field '//input[@placeholder='Username']'.</msg>
<status status="PASS" starttime="20221022 22:12:11.086" endtime="20221022 22:12:11.308"/>
</kw>
<kw name="Input Password" library="SeleniumLibrary">
<arg>${txt_password}</arg>
<arg>${password}</arg>
<doc>Types the given password into the text field identified by ``locator``.</doc>
<msg timestamp="20221022 22:12:11.311" level="INFO">Typing password into text field '//input[@placeholder='Password']'.</msg>
<msg timestamp="20221022 22:12:11.383" level="INFO">Temporally setting log level to: NONE</msg>
<msg timestamp="20221022 22:12:11.473" level="INFO">Log level changed from NONE to INFO.</msg>
<status status="PASS" starttime="20221022 22:12:11.309" endtime="20221022 22:12:11.473"/>
</kw>
<kw name="Click Element" library="SeleniumLibrary">
<arg>${btn_login}</arg>
<doc>Click the element identified by ``locator``.</doc>
<msg timestamp="20221022 22:12:11.476" level="INFO">Clicking element '//input[@type='submit']'.</msg>
<status status="PASS" starttime="20221022 22:12:11.474" endtime="20221022 22:12:11.663"/>
</kw>
<kw name="Page Should Contain" library="SeleniumLibrary">
<arg>Sauce Labs</arg>
<doc>Verifies that current page contains ``text``.</doc>
<msg timestamp="20221022 22:12:11.697" level="INFO">Current page contains text 'Sauce Labs'.</msg>
<status status="PASS" starttime="20221022 22:12:11.664" endtime="20221022 22:12:11.697"/>
</kw>
<status status="PASS" starttime="20221022 22:12:11.082" endtime="20221022 22:12:11.698"/>
</kw>
<kw name="Add product to the cart" library="AddProductPage">
<kw name="Get Element Count" library="SeleniumLibrary">
<var>${count}</var>
<arg>${btn_addtocart}</arg>
<doc>Returns the number of elements matching ``locator``.</doc>
<msg timestamp="20221022 22:12:11.720" level="INFO">${count} = 6</msg>
<status status="PASS" starttime="20221022 22:12:11.699" endtime="20221022 22:12:11.720"/>
</kw>
<kw name="Log To Console" library="BuiltIn">
<arg>${count}</arg>
<doc>Logs the given message to the console.</doc>
<status status="PASS" starttime="20221022 22:12:11.720" endtime="20221022 22:12:11.722"/>
</kw>
<for flavor="IN RANGE">
<var>${i}</var>
<value>1</value>
<value>${count}+1</value>
<iter>
<var name="${i}">1</var>
<kw name="Set Selenium Speed" library="SeleniumLibrary">
<arg>0</arg>
<doc>Sets the delay that is waited after each Selenium command.</doc>
<status status="PASS" starttime="20221022 22:12:11.723" endtime="20221022 22:12:11.724"/>
</kw>
<kw name="Click Element" library="SeleniumLibrary">
<arg>${btn_addtocart} [${i}]</arg>
<doc>Click the element identified by ``locator``.</doc>
<msg timestamp="20221022 22:12:11.726" level="INFO">Clicking element '(//div[@class='inventory_item_name']) [1]'.</msg>
<status status="PASS" starttime="20221022 22:12:11.725" endtime="20221022 22:12:11.803"/>
</kw>
<kw name="Click Button" library="SeleniumLibrary">
<arg>${addToCartLocator}</arg>
<doc>Clicks the button identified by ``locator``.</doc>
<msg timestamp="20221022 22:12:11.805" level="INFO">Clicking button '//button[contains(text(),'Add to cart')]'.</msg>
<status status="PASS" starttime="20221022 22:12:11.803" endtime="20221022 22:12:11.884"/>
</kw>
<kw name="Click Button" library="SeleniumLibrary">
<arg>${backToProducts}</arg>
<doc>Clicks the button identified by ``locator``.</doc>
<msg timestamp="20221022 22:12:11.886" level="INFO">Clicking button '//button[@id='back-to-products']'.</msg>
<status status="PASS" starttime="20221022 22:12:11.885" endtime="20221022 22:12:11.994"/>
</kw>
<status status="PASS" starttime="20221022 22:12:11.723" endtime="20221022 22:12:11.994"/>
</iter>
<iter>
<var name="${i}">2</var>
<kw name="Set Selenium Speed" library="SeleniumLibrary">
<arg>0</arg>
<doc>Sets the delay that is waited after each Selenium command.</doc>
<status status="PASS" starttime="20221022 22:12:11.996" endtime="20221022 22:12:11.997"/>
</kw>
<kw name="Click Element" library="SeleniumLibrary">
<arg>${btn_addtocart} [${i}]</arg>
<doc>Click the element identified by ``locator``.</doc>
<msg timestamp="20221022 22:12:11.999" level="INFO">Clicking element '(//div[@class='inventory_item_name']) [2]'.</msg>
<status status="PASS" starttime="20221022 22:12:11.997" endtime="20221022 22:12:12.068"/>
</kw>
<kw name="Click Button" library="SeleniumLibrary">
<arg>${addToCartLocator}</arg>
<doc>Clicks the button identified by ``locator``.</doc>
<msg timestamp="20221022 22:12:12.070" level="INFO">Clicking button '//button[contains(text(),'Add to cart')]'.</msg>
<status status="PASS" starttime="20221022 22:12:12.069" endtime="20221022 22:12:12.147"/>
</kw>
<kw name="Click Button" library="SeleniumLibrary">
<arg>${backToProducts}</arg>
<doc>Clicks the button identified by ``locator``.</doc>
<msg timestamp="20221022 22:12:12.149" level="INFO">Clicking button '//button[@id='back-to-products']'.</msg>
<status status="PASS" starttime="20221022 22:12:12.147" endtime="20221022 22:12:12.246"/>
</kw>
<status status="PASS" starttime="20221022 22:12:11.995" endtime="20221022 22:12:12.246"/>
</iter>
<iter>
<var name="${i}">3</var>
<kw name="Set Selenium Speed" library="SeleniumLibrary">
<arg>0</arg>
<doc>Sets the delay that is waited after each Selenium command.</doc>
<status status="PASS" starttime="20221022 22:12:12.247" endtime="20221022 22:12:12.248"/>
</kw>
<kw name="Click Element" library="SeleniumLibrary">
<arg>${btn_addtocart} [${i}]</arg>
<doc>Click the element identified by ``locator``.</doc>
<msg timestamp="20221022 22:12:12.250" level="INFO">Clicking element '(//div[@class='inventory_item_name']) [3]'.</msg>
<status status="PASS" starttime="20221022 22:12:12.248" endtime="20221022 22:12:12.366"/>
</kw>
<kw name="Click Button" library="SeleniumLibrary">
<arg>${addToCartLocator}</arg>
<doc>Clicks the button identified by ``locator``.</doc>
<msg timestamp="20221022 22:12:12.368" level="INFO">Clicking button '//button[contains(text(),'Add to cart')]'.</msg>
<status status="PASS" starttime="20221022 22:12:12.367" endtime="20221022 22:12:12.455"/>
</kw>
<kw name="Click Button" library="SeleniumLibrary">
<arg>${backToProducts}</arg>
<doc>Clicks the button identified by ``locator``.</doc>
<msg timestamp="20221022 22:12:12.457" level="INFO">Clicking button '//button[@id='back-to-products']'.</msg>
<status status="PASS" starttime="20221022 22:12:12.455" endtime="20221022 22:12:12.542"/>
</kw>
<status status="PASS" starttime="20221022 22:12:12.246" endtime="20221022 22:12:12.542"/>
</iter>
<iter>
<var name="${i}">4</var>
<kw name="Set Selenium Speed" library="SeleniumLibrary">
<arg>0</arg>
<doc>Sets the delay that is waited after each Selenium command.</doc>
<status status="PASS" starttime="20221022 22:12:12.543" endtime="20221022 22:12:12.544"/>
</kw>
<kw name="Click Element" library="SeleniumLibrary">
<arg>${btn_addtocart} [${i}]</arg>
<doc>Click the element identified by ``locator``.</doc>
<msg timestamp="20221022 22:12:12.547" level="INFO">Clicking element '(//div[@class='inventory_item_name']) [4]'.</msg>
<status status="PASS" starttime="20221022 22:12:12.545" endtime="20221022 22:12:12.661"/>
</kw>
<kw name="Click Button" library="SeleniumLibrary">
<arg>${addToCartLocator}</arg>
<doc>Clicks the button identified by ``locator``.</doc>
<msg timestamp="20221022 22:12:12.663" level="INFO">Clicking button '//button[contains(text(),'Add to cart')]'.</msg>
<status status="PASS" starttime="20221022 22:12:12.662" endtime="20221022 22:12:12.732"/>
</kw>
<kw name="Click Button" library="SeleniumLibrary">
<arg>${backToProducts}</arg>
<doc>Clicks the button identified by ``locator``.</doc>
<msg timestamp="20221022 22:12:12.734" level="INFO">Clicking button '//button[@id='back-to-products']'.</msg>
<status status="PASS" starttime="20221022 22:12:12.732" endtime="20221022 22:12:12.818"/>
</kw>
<status status="PASS" starttime="20221022 22:12:12.543" endtime="20221022 22:12:12.818"/>
</iter>
<iter>
<var name="${i}">5</var>
<kw name="Set Selenium Speed" library="SeleniumLibrary">
<arg>0</arg>
<doc>Sets the delay that is waited after each Selenium command.</doc>
<status status="PASS" starttime="20221022 22:12:12.819" endtime="20221022 22:12:12.820"/>
</kw>
<kw name="Click Element" library="SeleniumLibrary">
<arg>${btn_addtocart} [${i}]</arg>
<doc>Click the element identified by ``locator``.</doc>
<msg timestamp="20221022 22:12:12.822" level="INFO">Clicking element '(//div[@class='inventory_item_name']) [5]'.</msg>
<status status="PASS" starttime="20221022 22:12:12.821" endtime="20221022 22:12:12.918"/>
</kw>
<kw name="Click Button" library="SeleniumLibrary">
<arg>${addToCartLocator}</arg>
<doc>Clicks the button identified by ``locator``.</doc>
<msg timestamp="20221022 22:12:12.920" level="INFO">Clicking button '//button[contains(text(),'Add to cart')]'.</msg>
<status status="PASS" starttime="20221022 22:12:12.919" endtime="20221022 22:12:13.006"/>
</kw>
<kw name="Click Button" library="SeleniumLibrary">
<arg>${backToProducts}</arg>
<doc>Clicks the button identified by ``locator``.</doc>
<msg timestamp="20221022 22:12:13.008" level="INFO">Clicking button '//button[@id='back-to-products']'.</msg>
<status status="PASS" starttime="20221022 22:12:13.007" endtime="20221022 22:12:13.094"/>
</kw>
<status status="PASS" starttime="20221022 22:12:12.819" endtime="20221022 22:12:13.095"/>
</iter>
<iter>
<var name="${i}">6</var>
<kw name="Set Selenium Speed" library="SeleniumLibrary">
<arg>0</arg>
<doc>Sets the delay that is waited after each Selenium command.</doc>
<status status="PASS" starttime="20221022 22:12:13.096" endtime="20221022 22:12:13.097"/>
</kw>
<kw name="Click Element" library="SeleniumLibrary">
<arg>${btn_addtocart} [${i}]</arg>
<doc>Click the element identified by ``locator``.</doc>
<msg timestamp="20221022 22:12:13.099" level="INFO">Clicking element '(//div[@class='inventory_item_name']) [6]'.</msg>
<status status="PASS" starttime="20221022 22:12:13.098" endtime="20221022 22:12:13.158"/>
</kw>
<kw name="Click Button" library="SeleniumLibrary">
<arg>${addToCartLocator}</arg>
<doc>Clicks the button identified by ``locator``.</doc>
<msg timestamp="20221022 22:12:13.160" level="INFO">Clicking button '//button[contains(text(),'Add to cart')]'.</msg>
<status status="PASS" starttime="20221022 22:12:13.158" endtime="20221022 22:12:13.228"/>
</kw>
<kw name="Click Button" library="SeleniumLibrary">
<arg>${backToProducts}</arg>
<doc>Clicks the button identified by ``locator``.</doc>
<msg timestamp="20221022 22:12:13.230" level="INFO">Clicking button '//button[@id='back-to-products']'.</msg>
<status status="PASS" starttime="20221022 22:12:13.228" endtime="20221022 22:12:13.307"/>
</kw>
<status status="PASS" starttime="20221022 22:12:13.095" endtime="20221022 22:12:13.308"/>
</iter>
<status status="PASS" starttime="20221022 22:12:11.722" endtime="20221022 22:12:13.308"/>
</for>
<kw name="Get Text" library="SeleniumLibrary">
<var>${count}</var>
<arg>//span[@class='shopping_cart_badge']</arg>
<doc>Returns the text value of the element identified by ``locator``.</doc>
<msg timestamp="20221022 22:12:13.392" level="INFO">${count} = 6</msg>
<status status="PASS" starttime="20221022 22:12:13.308" endtime="20221022 22:12:13.393"/>
</kw>
<kw name="Log To Console" library="BuiltIn">
<arg>${count}</arg>
<doc>Logs the given message to the console.</doc>
<status status="PASS" starttime="20221022 22:12:13.393" endtime="20221022 22:12:13.394"/>
</kw>
<kw name="Should Be Equal As Integers" library="BuiltIn">
<arg>${count}</arg>
<arg>${count}</arg>
<doc>Fails if objects are unequal after converting them to integers.</doc>
<status status="PASS" starttime="20221022 22:12:13.394" endtime="20221022 22:12:13.395"/>
</kw>
<status status="PASS" starttime="20221022 22:12:11.698" endtime="20221022 22:12:13.396"/>
</kw>
<kw name="Go to cart and order" library="AddProductPage">
<kw name="Click Element" library="SeleniumLibrary">
<arg>${btn_cart}</arg>
<doc>Click the element identified by ``locator``.</doc>
<msg timestamp="20221022 22:12:13.399" level="INFO">Clicking element '//div[@class='shopping_cart_container']'.</msg>
<status status="PASS" starttime="20221022 22:12:13.398" endtime="20221022 22:12:13.481"/>
</kw>
<kw name="Click Button" library="SeleniumLibrary">
<arg>${btn_checkout}</arg>
<doc>Clicks the button identified by ``locator``.</doc>
<msg timestamp="20221022 22:12:13.483" level="INFO">Clicking button '//button[@name='checkout']'.</msg>
<status status="PASS" starttime="20221022 22:12:13.481" endtime="20221022 22:12:13.574"/>
</kw>
<kw name="Page Should Contain" library="SeleniumLibrary">
<arg>${assert_text}</arg>
<doc>Verifies that current page contains ``text``.</doc>
<msg timestamp="20221022 22:12:13.594" level="INFO">Current page contains text 'Checkout: Your Information'.</msg>
<status status="PASS" starttime="20221022 22:12:13.574" endtime="20221022 22:12:13.594"/>
</kw>
<status status="PASS" starttime="20221022 22:12:13.396" endtime="20221022 22:12:13.595"/>
</kw>
<kw name="Add Delivery Details" library="AddProductPage">
<kw name="Set Selenium Speed" library="SeleniumLibrary">
<arg>1</arg>
<doc>Sets the delay that is waited after each Selenium command.</doc>
<status status="PASS" starttime="20221022 22:12:13.596" endtime="20221022 22:12:13.596"/>
</kw>
<kw name="Input Text" library="SeleniumLibrary">
<arg>${txt_firstname}</arg>
<arg>${firstName}</arg>
<doc>Types the given ``text`` into the text field identified by ``locator``.</doc>
<msg timestamp="20221022 22:12:13.599" level="INFO">Typing text 'raman' into text field '//input[@name='firstName']'.</msg>
<status status="PASS" starttime="20221022 22:12:13.597" endtime="20221022 22:12:16.756"/>
</kw>
<kw name="Input Text" library="SeleniumLibrary">
<arg>${txt_lastname}</arg>
<arg>${lastName}</arg>
<doc>Types the given ``text`` into the text field identified by ``locator``.</doc>
<msg timestamp="20221022 22:12:16.759" level="INFO">Typing text 'yadav' into text field '//input[@name='lastName']'.</msg>
<status status="PASS" starttime="20221022 22:12:16.757" endtime="20221022 22:12:19.914"/>
</kw>
<kw name="Input Text" library="SeleniumLibrary">
<arg>${txt_pincode}</arg>
<arg>${postalCode}</arg>
<doc>Types the given ``text`` into the text field identified by ``locator``.</doc>
<msg timestamp="20221022 22:12:19.916" level="INFO">Typing text '100257' into text field '//input[@name='postalCode']'.</msg>
<status status="PASS" starttime="20221022 22:12:19.915" endtime="20221022 22:12:23.070"/>
</kw>
<kw name="Click Element" library="SeleniumLibrary">
<arg>${btn_continue}</arg>
<doc>Click the element identified by ``locator``.</doc>
<msg timestamp="20221022 22:12:23.071" level="INFO">Clicking element '//input[@name='continue']'.</msg>
<status status="PASS" starttime="20221022 22:12:23.070" endtime="20221022 22:12:25.194"/>
</kw>
<kw name="Click Button" library="SeleniumLibrary">
<arg>${btn_finish}</arg>
<doc>Clicks the button identified by ``locator``.</doc>
<msg timestamp="20221022 22:12:25.197" level="INFO">Clicking button '//button[@name='finish']'.</msg>
<status status="PASS" starttime="20221022 22:12:25.195" endtime="20221022 22:12:30.326"/>
</kw>
<kw name="Page Should Contain" library="SeleniumLibrary">
<arg>${assert_txt}</arg>
<doc>Verifies that current page contains ``text``.</doc>
<msg timestamp="20221022 22:12:32.367" level="INFO">Current page contains text 'THANK YOU FOR YOUR ORDER'.</msg>
<status status="PASS" starttime="20221022 22:12:30.326" endtime="20221022 22:12:32.367"/>
</kw>
<kw name="Click Button" library="SeleniumLibrary">
<arg>${btn_backtohome}</arg>
<doc>Clicks the button identified by ``locator``.</doc>
<msg timestamp="20221022 22:12:32.369" level="INFO">Clicking button '//button[@name='back-to-products']'.</msg>
<status status="PASS" starttime="20221022 22:12:32.368" endtime="20221022 22:12:37.477"/>
</kw>
<status status="PASS" starttime="20221022 22:12:13.595" endtime="20221022 22:12:37.477"/>
</kw>
<kw name="Logout from the website" library="LogoutPage">
<kw name="Click Button" library="SeleniumLibrary">
<arg>${btn_menu}</arg>
<doc>Clicks the button identified by ``locator``.</doc>
<msg timestamp="20221022 22:12:37.477" level="INFO">Clicking button '//button[@id='react-burger-menu-btn']'.</msg>
<status status="PASS" starttime="20221022 22:12:37.477" endtime="20221022 22:12:42.615"/>
</kw>
<kw name="Click Link" library="SeleniumLibrary">
<arg>Logout</arg>
<doc>Clicks a link identified by ``locator``.</doc>
<msg timestamp="20221022 22:12:42.615" level="INFO">Clicking link 'Logout'.</msg>
<status status="PASS" starttime="20221022 22:12:42.615" endtime="20221022 22:12:45.677"/>
</kw>
<status status="PASS" starttime="20221022 22:12:37.477" endtime="20221022 22:12:45.677"/>
</kw>
<kw name="Close My Browser" library="CommonPage" type="TEARDOWN">
<kw name="Close All Browsers" library="SeleniumLibrary">
<doc>Closes all open browsers and resets the browser cache.</doc>
<status status="PASS" starttime="20221022 22:12:45.677" endtime="20221022 22:12:49.739"/>
</kw>
<status status="PASS" starttime="20221022 22:12:45.677" endtime="20221022 22:12:49.740"/>
</kw>
<status status="PASS" starttime="20221022 22:12:06.856" endtime="20221022 22:12:49.740"/>
</test>
<status status="PASS" starttime="20221022 22:12:06.419" endtime="20221022 22:12:49.741"/>
</suite>
<suite id="s1-s3" name="TC3 productOrder" source="E:\Project\Robot Project\SauceDemoRobotFramework\TestCases\TC3_productOrder.robot">
<test id="s1-s3-t1" name="Sorting the products and getting the values" line="12">
<kw name="Open my Browser" library="CommonPage" type="SETUP">
<kw name="Open Browser" library="SeleniumLibrary">
<arg>${site}</arg>
<arg>${browser}</arg>
<doc>Opens a new browser instance to the optional ``url``.</doc>
<msg timestamp="20221022 22:12:06.872" level="INFO">Opening browser 'headlessChrome' to base url 'https://www.saucedemo.com/'.</msg>
<status status="PASS" starttime="20221022 22:12:06.872" endtime="20221022 22:12:10.967"/>
</kw>
<kw name="Maximize Browser Window" library="SeleniumLibrary">
<doc>Maximizes current browser window.</doc>
<status status="PASS" starttime="20221022 22:12:10.968" endtime="20221022 22:12:11.081"/>
</kw>
<status status="PASS" starttime="20221022 22:12:06.872" endtime="20221022 22:12:11.081"/>
</kw>
<kw name="Enter Login Credentials and verfiy the page" library="LoginPage">
<kw name="Set Selenium Implicit Wait" library="SeleniumLibrary">
<arg>10</arg>
<doc>Sets the implicit wait value used by Selenium.</doc>
<status status="PASS" starttime="20221022 22:12:11.083" endtime="20221022 22:12:11.085"/>
</kw>
<kw name="Input Text" library="SeleniumLibrary">
<arg>${txt_username}</arg>
<arg>${username}</arg>
<doc>Types the given ``text`` into the text field identified by ``locator``.</doc>
<msg timestamp="20221022 22:12:11.086" level="INFO">Typing text 'standard_user' into text field '//input[@placeholder='Username']'.</msg>
<status status="PASS" starttime="20221022 22:12:11.085" endtime="20221022 22:12:11.319"/>
</kw>
<kw name="Input Password" library="SeleniumLibrary">
<arg>${txt_password}</arg>
<arg>${password}</arg>
<doc>Types the given password into the text field identified by ``locator``.</doc>
<msg timestamp="20221022 22:12:11.322" level="INFO">Typing password into text field '//input[@placeholder='Password']'.</msg>
<msg timestamp="20221022 22:12:11.383" level="INFO">Temporally setting log level to: NONE</msg>
<msg timestamp="20221022 22:12:11.484" level="INFO">Log level changed from NONE to INFO.</msg>
<status status="PASS" starttime="20221022 22:12:11.319" endtime="20221022 22:12:11.484"/>
</kw>
<kw name="Click Element" library="SeleniumLibrary">
<arg>${btn_login}</arg>
<doc>Click the element identified by ``locator``.</doc>
<msg timestamp="20221022 22:12:11.486" level="INFO">Clicking element '//input[@type='submit']'.</msg>
<status status="PASS" starttime="20221022 22:12:11.485" endtime="20221022 22:12:11.665"/>
</kw>
<kw name="Page Should Contain" library="SeleniumLibrary">
<arg>Sauce Labs</arg>
<doc>Verifies that current page contains ``text``.</doc>
<msg timestamp="20221022 22:12:11.705" level="INFO">Current page contains text 'Sauce Labs'.</msg>
<status status="PASS" starttime="20221022 22:12:11.666" endtime="20221022 22:12:11.705"/>
</kw>
<status status="PASS" starttime="20221022 22:12:11.082" endtime="20221022 22:12:11.706"/>
</kw>
<kw name="Select Products order list" library="ProductOrder">
<kw name="Select From List By Value" library="SeleniumLibrary">
<arg>${dropdown}</arg>
<arg>hilo</arg>
<doc>Selects options from selection list ``locator`` by ``values``.</doc>
<msg timestamp="20221022 22:12:11.709" level="INFO">Selecting options from selection list 'class:product_sort_container' by value hilo.</msg>
<status status="PASS" starttime="20221022 22:12:11.707" endtime="20221022 22:12:11.848"/>
</kw>
<kw name="Get Element Count" library="SeleniumLibrary">
<var>${count}</var>
<arg>${product_count}</arg>
<doc>Returns the number of elements matching ``locator``.</doc>
<msg timestamp="20221022 22:12:11.863" level="INFO">${count} = 6</msg>
<status status="PASS" starttime="20221022 22:12:11.848" endtime="20221022 22:12:11.863"/>
</kw>
<for flavor="IN RANGE">
<var>${i}</var>
<value>1</value>
<value>${count}+1</value>
<iter>
<var name="${i}">1</var>
<kw name="Get Text" library="SeleniumLibrary">
<var>${Text}</var>
<arg>${product_count} [${i}]</arg>
<doc>Returns the text value of the element identified by ``locator``.</doc>
<msg timestamp="20221022 22:12:11.899" level="INFO">${Text} = Sauce Labs Fleece Jacket</msg>
<status status="PASS" starttime="20221022 22:12:11.865" endtime="20221022 22:12:11.899"/>
</kw>
<kw name="Page Should Contain" library="SeleniumLibrary">
<arg>${Text}</arg>
<doc>Verifies that current page contains ``text``.</doc>
<msg timestamp="20221022 22:12:11.918" level="INFO">Current page contains text 'Sauce Labs Fleece Jacket'.</msg>
<status status="PASS" starttime="20221022 22:12:11.900" endtime="20221022 22:12:11.918"/>
</kw>
<status status="PASS" starttime="20221022 22:12:11.864" endtime="20221022 22:12:11.918"/>
</iter>
<iter>
<var name="${i}">2</var>
<kw name="Get Text" library="SeleniumLibrary">
<var>${Text}</var>
<arg>${product_count} [${i}]</arg>
<doc>Returns the text value of the element identified by ``locator``.</doc>
<msg timestamp="20221022 22:12:11.956" level="INFO">${Text} = Sauce Labs Backpack</msg>
<status status="PASS" starttime="20221022 22:12:11.920" endtime="20221022 22:12:11.956"/>
</kw>
<kw name="Page Should Contain" library="SeleniumLibrary">
<arg>${Text}</arg>
<doc>Verifies that current page contains ``text``.</doc>
<msg timestamp="20221022 22:12:11.984" level="INFO">Current page contains text 'Sauce Labs Backpack'.</msg>
<status status="PASS" starttime="20221022 22:12:11.957" endtime="20221022 22:12:11.984"/>
</kw>
<status status="PASS" starttime="20221022 22:12:11.919" endtime="20221022 22:12:11.985"/>
</iter>
<iter>
<var name="${i}">3</var>
<kw name="Get Text" library="SeleniumLibrary">
<var>${Text}</var>
<arg>${product_count} [${i}]</arg>
<doc>Returns the text value of the element identified by ``locator``.</doc>
<msg timestamp="20221022 22:12:12.027" level="INFO">${Text} = Sauce Labs Bolt T-Shirt</msg>
<status status="PASS" starttime="20221022 22:12:11.985" endtime="20221022 22:12:12.027"/>
</kw>
<kw name="Page Should Contain" library="SeleniumLibrary">
<arg>${Text}</arg>
<doc>Verifies that current page contains ``text``.</doc>
<msg timestamp="20221022 22:12:12.046" level="INFO">Current page contains text 'Sauce Labs Bolt T-Shirt'.</msg>
<status status="PASS" starttime="20221022 22:12:12.028" endtime="20221022 22:12:12.047"/>
</kw>
<status status="PASS" starttime="20221022 22:12:11.985" endtime="20221022 22:12:12.047"/>
</iter>
<iter>
<var name="${i}">4</var>
<kw name="Get Text" library="SeleniumLibrary">
<var>${Text}</var>
<arg>${product_count} [${i}]</arg>
<doc>Returns the text value of the element identified by ``locator``.</doc>
<msg timestamp="20221022 22:12:12.085" level="INFO">${Text} = Test.allTheThings() T-Shirt (Red)</msg>
<status status="PASS" starttime="20221022 22:12:12.048" endtime="20221022 22:12:12.085"/>
</kw>
<kw name="Page Should Contain" library="SeleniumLibrary">
<arg>${Text}</arg>
<doc>Verifies that current page contains ``text``.</doc>
<msg timestamp="20221022 22:12:12.106" level="INFO">Current page contains text 'Test.allTheThings() T-Shirt (Red)'.</msg>
<status status="PASS" starttime="20221022 22:12:12.086" endtime="20221022 22:12:12.107"/>
</kw>
<status status="PASS" starttime="20221022 22:12:12.047" endtime="20221022 22:12:12.107"/>
</iter>
<iter>
<var name="${i}">5</var>
<kw name="Get Text" library="SeleniumLibrary">
<var>${Text}</var>
<arg>${product_count} [${i}]</arg>
<doc>Returns the text value of the element identified by ``locator``.</doc>
<msg timestamp="20221022 22:12:12.141" level="INFO">${Text} = Sauce Labs Bike Light</msg>
<status status="PASS" starttime="20221022 22:12:12.108" endtime="20221022 22:12:12.141"/>
</kw>
<kw name="Page Should Contain" library="SeleniumLibrary">
<arg>${Text}</arg>
<doc>Verifies that current page contains ``text``.</doc>
<msg timestamp="20221022 22:12:12.164" level="INFO">Current page contains text 'Sauce Labs Bike Light'.</msg>
<status status="PASS" starttime="20221022 22:12:12.141" endtime="20221022 22:12:12.164"/>
</kw>
<status status="PASS" starttime="20221022 22:12:12.107" endtime="20221022 22:12:12.165"/>
</iter>
<iter>
<var name="${i}">6</var>
<kw name="Get Text" library="SeleniumLibrary">
<var>${Text}</var>
<arg>${product_count} [${i}]</arg>
<doc>Returns the text value of the element identified by ``locator``.</doc>
<msg timestamp="20221022 22:12:12.197" level="INFO">${Text} = Sauce Labs Onesie</msg>
<status status="PASS" starttime="20221022 22:12:12.166" endtime="20221022 22:12:12.197"/>
</kw>
<kw name="Page Should Contain" library="SeleniumLibrary">
<arg>${Text}</arg>
<doc>Verifies that current page contains ``text``.</doc>
<msg timestamp="20221022 22:12:12.216" level="INFO">Current page contains text 'Sauce Labs Onesie'.</msg>
<status status="PASS" starttime="20221022 22:12:12.198" endtime="20221022 22:12:12.216"/>
</kw>
<status status="PASS" starttime="20221022 22:12:12.165" endtime="20221022 22:12:12.217"/>
</iter>
<status status="PASS" starttime="20221022 22:12:11.863" endtime="20221022 22:12:12.217"/>
</for>
<status status="PASS" starttime="20221022 22:12:11.706" endtime="20221022 22:12:12.217"/>
</kw>
<kw name="Select Products price list" library="ProductOrder">
<kw name="Get Element Count" library="SeleniumLibrary">
<var>${count}</var>
<arg>${product_price_count}</arg>
<doc>Returns the number of elements matching ``locator``.</doc>
<msg timestamp="20221022 22:12:12.235" level="INFO">${count} = 6</msg>
<status status="PASS" starttime="20221022 22:12:12.220" endtime="20221022 22:12:12.235"/>
</kw>
<for flavor="IN RANGE">
<var>${i}</var>
<value>1</value>
<value>${count}+1</value>
<iter>
<var name="${i}">1</var>
<kw name="Get Text" library="SeleniumLibrary">
<var>${Text}</var>
<arg>${product_price_count} [${i}]</arg>
<doc>Returns the text value of the element identified by ``locator``.</doc>
<msg timestamp="20221022 22:12:12.272" level="INFO">${Text} = $49.99</msg>
<status status="PASS" starttime="20221022 22:12:12.238" endtime="20221022 22:12:12.272"/>
</kw>
<kw name="Log To Console" library="BuiltIn">
<arg>${Text}</arg>
<doc>Logs the given message to the console.</doc>
<status status="PASS" starttime="20221022 22:12:12.272" endtime="20221022 22:12:12.273"/>
</kw>
<kw name="Page Should Contain" library="SeleniumLibrary">
<arg>${Text}</arg>
<doc>Verifies that current page contains ``text``.</doc>
<msg timestamp="20221022 22:12:12.291" level="INFO">Current page contains text '$49.99'.</msg>
<status status="PASS" starttime="20221022 22:12:12.273" endtime="20221022 22:12:12.292"/>
</kw>
<status status="PASS" starttime="20221022 22:12:12.237" endtime="20221022 22:12:12.292"/>
</iter>
<iter>
<var name="${i}">2</var>
<kw name="Get Text" library="SeleniumLibrary">
<var>${Text}</var>
<arg>${product_price_count} [${i}]</arg>
<doc>Returns the text value of the element identified by ``locator``.</doc>
<msg timestamp="20221022 22:12:12.328" level="INFO">${Text} = $29.99</msg>
<status status="PASS" starttime="20221022 22:12:12.293" endtime="20221022 22:12:12.328"/>
</kw>
<kw name="Log To Console" library="BuiltIn">
<arg>${Text}</arg>
<doc>Logs the given message to the console.</doc>
<status status="PASS" starttime="20221022 22:12:12.329" endtime="20221022 22:12:12.330"/>
</kw>
<kw name="Page Should Contain" library="SeleniumLibrary">
<arg>${Text}</arg>
<doc>Verifies that current page contains ``text``.</doc>
<msg timestamp="20221022 22:12:12.350" level="INFO">Current page contains text '$29.99'.</msg>
<status status="PASS" starttime="20221022 22:12:12.330" endtime="20221022 22:12:12.350"/>
</kw>
<status status="PASS" starttime="20221022 22:12:12.293" endtime="20221022 22:12:12.350"/>
</iter>
<iter>
<var name="${i}">3</var>
<kw name="Get Text" library="SeleniumLibrary">
<var>${Text}</var>
<arg>${product_price_count} [${i}]</arg>
<doc>Returns the text value of the element identified by ``locator``.</doc>
<msg timestamp="20221022 22:12:12.385" level="INFO">${Text} = $15.99</msg>
<status status="PASS" starttime="20221022 22:12:12.351" endtime="20221022 22:12:12.386"/>
</kw>
<kw name="Log To Console" library="BuiltIn">
<arg>${Text}</arg>
<doc>Logs the given message to the console.</doc>
<status status="PASS" starttime="20221022 22:12:12.386" endtime="20221022 22:12:12.387"/>
</kw>
<kw name="Page Should Contain" library="SeleniumLibrary">
<arg>${Text}</arg>
<doc>Verifies that current page contains ``text``.</doc>
<msg timestamp="20221022 22:12:12.422" level="INFO">Current page contains text '$15.99'.</msg>
<status status="PASS" starttime="20221022 22:12:12.387" endtime="20221022 22:12:12.422"/>
</kw>
<status status="PASS" starttime="20221022 22:12:12.350" endtime="20221022 22:12:12.422"/>
</iter>
<iter>
<var name="${i}">4</var>
<kw name="Get Text" library="SeleniumLibrary">
<var>${Text}</var>
<arg>${product_price_count} [${i}]</arg>
<doc>Returns the text value of the element identified by ``locator``.</doc>
<msg timestamp="20221022 22:12:12.456" level="INFO">${Text} = $15.99</msg>
<status status="PASS" starttime="20221022 22:12:12.423" endtime="20221022 22:12:12.456"/>
</kw>
<kw name="Log To Console" library="BuiltIn">
<arg>${Text}</arg>
<doc>Logs the given message to the console.</doc>
<status status="PASS" starttime="20221022 22:12:12.456" endtime="20221022 22:12:12.458"/>
</kw>
<kw name="Page Should Contain" library="SeleniumLibrary">
<arg>${Text}</arg>
<doc>Verifies that current page contains ``text``.</doc>
<msg timestamp="20221022 22:12:12.473" level="INFO">Current page contains text '$15.99'.</msg>
<status status="PASS" starttime="20221022 22:12:12.458" endtime="20221022 22:12:12.473"/>
</kw>
<status status="PASS" starttime="20221022 22:12:12.423" endtime="20221022 22:12:12.473"/>
</iter>
<iter>
<var name="${i}">5</var>
<kw name="Get Text" library="SeleniumLibrary">
<var>${Text}</var>
<arg>${product_price_count} [${i}]</arg>
<doc>Returns the text value of the element identified by ``locator``.</doc>
<msg timestamp="20221022 22:12:12.501" level="INFO">${Text} = $9.99</msg>
<status status="PASS" starttime="20221022 22:12:12.475" endtime="20221022 22:12:12.501"/>
</kw>
<kw name="Log To Console" library="BuiltIn">
<arg>${Text}</arg>
<doc>Logs the given message to the console.</doc>
<status status="PASS" starttime="20221022 22:12:12.501" endtime="20221022 22:12:12.501"/>
</kw>
<kw name="Page Should Contain" library="SeleniumLibrary">
<arg>${Text}</arg>
<doc>Verifies that current page contains ``text``.</doc>
<msg timestamp="20221022 22:12:12.523" level="INFO">Current page contains text '$9.99'.</msg>
<status status="PASS" starttime="20221022 22:12:12.501" endtime="20221022 22:12:12.523"/>
</kw>
<status status="PASS" starttime="20221022 22:12:12.474" endtime="20221022 22:12:12.524"/>
</iter>
<iter>
<var name="${i}">6</var>
<kw name="Get Text" library="SeleniumLibrary">
<var>${Text}</var>
<arg>${product_price_count} [${i}]</arg>
<doc>Returns the text value of the element identified by ``locator``.</doc>
<msg timestamp="20221022 22:12:12.557" level="INFO">${Text} = $7.99</msg>
<status status="PASS" starttime="20221022 22:12:12.524" endtime="20221022 22:12:12.557"/>
</kw>
<kw name="Log To Console" library="BuiltIn">
<arg>${Text}</arg>
<doc>Logs the given message to the console.</doc>
<status status="PASS" starttime="20221022 22:12:12.557" endtime="20221022 22:12:12.558"/>
</kw>
<kw name="Page Should Contain" library="SeleniumLibrary">
<arg>${Text}</arg>
<doc>Verifies that current page contains ``text``.</doc>
<msg timestamp="20221022 22:12:12.576" level="INFO">Current page contains text '$7.99'.</msg>
<status status="PASS" starttime="20221022 22:12:12.559" endtime="20221022 22:12:12.576"/>
</kw>
<status status="PASS" starttime="20221022 22:12:12.524" endtime="20221022 22:12:12.577"/>
</iter>
<status status="PASS" starttime="20221022 22:12:12.236" endtime="20221022 22:12:12.577"/>
</for>
<status status="PASS" starttime="20221022 22:12:12.218" endtime="20221022 22:12:12.577"/>
</kw>
<kw name="Social Media Accounts with mulitple window handles" library="ProductOrder">
<kw name="Get Element Count" library="SeleniumLibrary">
<var>${count}</var>
<arg>${social_media}</arg>
<doc>Returns the number of elements matching ``locator``.</doc>
<msg timestamp="20221022 22:12:12.596" level="INFO">${count} = 3</msg>
<status status="PASS" starttime="20221022 22:12:12.578" endtime="20221022 22:12:12.596"/>
</kw>
<for flavor="IN RANGE">
<var>${i}</var>
<value>1</value>
<value>${count}+1</value>
<iter>
<var name="${i}">1</var>
<kw name="Set Selenium Speed" library="SeleniumLibrary">
<arg>1</arg>
<doc>Sets the delay that is waited after each Selenium command.</doc>
<status status="PASS" starttime="20221022 22:12:12.598" endtime="20221022 22:12:12.599"/>
</kw>
<kw name="Click Element" library="SeleniumLibrary">
<arg>${social_media} [${i}]</arg>
<doc>Click the element identified by ``locator``.</doc>
<msg timestamp="20221022 22:12:12.601" level="INFO">Clicking element '(//a[@rel='noreferrer']) [1]'.</msg>
<status status="PASS" starttime="20221022 22:12:12.599" endtime="20221022 22:12:14.695"/>
</kw>
<kw name="Get Window Handles" library="SeleniumLibrary">
<var>${windowhandles}</var>
<doc>Returns all child window handles of the selected browser as a list.</doc>
<msg timestamp="20221022 22:12:16.945" level="INFO">${windowhandles} = ['CDwindow-1B2E0565D1CFC0F2BAEE6F33EB2EBD8C', 'CDwindow-BE1340F6C6B9272ABA7087B091F1BF84']</msg>
<status status="PASS" starttime="20221022 22:12:14.695" endtime="20221022 22:12:16.945"/>
</kw>
<kw name="Switch Window" library="SeleniumLibrary">
<arg>${windowhandles}[1]</arg>
<doc>Switches to browser window matching ``locator``.</doc>
<status status="PASS" starttime="20221022 22:12:16.945" endtime="20221022 22:12:26.062"/>
</kw>
<kw name="Close Window" library="SeleniumLibrary">
<doc>Closes currently opened and selected browser window/tab.</doc>
<status status="PASS" starttime="20221022 22:12:26.063" endtime="20221022 22:12:27.077"/>
</kw>
<kw name="Switch Window" library="SeleniumLibrary">
<arg>${windowhandles}[0]</arg>
<doc>Switches to browser window matching ``locator``.</doc>
<status status="PASS" starttime="20221022 22:12:27.079" endtime="20221022 22:12:29.095"/>
</kw>
<status status="PASS" starttime="20221022 22:12:12.597" endtime="20221022 22:12:29.096"/>
</iter>
<iter>
<var name="${i}">2</var>
<kw name="Set Selenium Speed" library="SeleniumLibrary">
<arg>1</arg>
<doc>Sets the delay that is waited after each Selenium command.</doc>
<status status="PASS" starttime="20221022 22:12:29.099" endtime="20221022 22:12:29.103"/>
</kw>
<kw name="Click Element" library="SeleniumLibrary">
<arg>${social_media} [${i}]</arg>
<doc>Click the element identified by ``locator``.</doc>
<msg timestamp="20221022 22:12:29.108" level="INFO">Clicking element '(//a[@rel='noreferrer']) [2]'.</msg>
<status status="PASS" starttime="20221022 22:12:29.106" endtime="20221022 22:12:31.172"/>
</kw>
<kw name="Get Window Handles" library="SeleniumLibrary">
<var>${windowhandles}</var>
<doc>Returns all child window handles of the selected browser as a list.</doc>
<msg timestamp="20221022 22:12:32.180" level="INFO">${windowhandles} = ['CDwindow-1B2E0565D1CFC0F2BAEE6F33EB2EBD8C', 'CDwindow-F963FC230FA3A919A218EDB135A99E33']</msg>
<status status="PASS" starttime="20221022 22:12:31.172" endtime="20221022 22:12:32.180"/>
</kw>
<kw name="Switch Window" library="SeleniumLibrary">
<arg>${windowhandles}[1]</arg>
<doc>Switches to browser window matching ``locator``.</doc>
<status status="PASS" starttime="20221022 22:12:32.180" endtime="20221022 22:12:41.261"/>
</kw>
<kw name="Close Window" library="SeleniumLibrary">
<doc>Closes currently opened and selected browser window/tab.</doc>
<status status="PASS" starttime="20221022 22:12:41.261" endtime="20221022 22:12:42.280"/>
</kw>
<kw name="Switch Window" library="SeleniumLibrary">
<arg>${windowhandles}[0]</arg>
<doc>Switches to browser window matching ``locator``.</doc>
<status status="PASS" starttime="20221022 22:12:42.280" endtime="20221022 22:12:44.287"/>
</kw>
<status status="PASS" starttime="20221022 22:12:29.098" endtime="20221022 22:12:44.287"/>
</iter>
<iter>
<var name="${i}">3</var>
<kw name="Set Selenium Speed" library="SeleniumLibrary">
<arg>1</arg>
<doc>Sets the delay that is waited after each Selenium command.</doc>
<status status="PASS" starttime="20221022 22:12:44.288" endtime="20221022 22:12:44.290"/>
</kw>
<kw name="Click Element" library="SeleniumLibrary">
<arg>${social_media} [${i}]</arg>
<doc>Click the element identified by ``locator``.</doc>
<msg timestamp="20221022 22:12:44.291" level="INFO">Clicking element '(//a[@rel='noreferrer']) [3]'.</msg>
<status status="PASS" starttime="20221022 22:12:44.290" endtime="20221022 22:12:46.349"/>
</kw>
<kw name="Get Window Handles" library="SeleniumLibrary">
<var>${windowhandles}</var>
<doc>Returns all child window handles of the selected browser as a list.</doc>
<msg timestamp="20221022 22:12:47.364" level="INFO">${windowhandles} = ['CDwindow-1B2E0565D1CFC0F2BAEE6F33EB2EBD8C', 'CDwindow-A294CF044F8FB4692359E93AA2D5BA8D']</msg>
<status status="PASS" starttime="20221022 22:12:46.349" endtime="20221022 22:12:47.364"/>
</kw>
<kw name="Switch Window" library="SeleniumLibrary">
<arg>${windowhandles}[1]</arg>
<doc>Switches to browser window matching ``locator``.</doc>
<status status="PASS" starttime="20221022 22:12:47.364" endtime="20221022 22:12:56.474"/>
</kw>
<kw name="Close Window" library="SeleniumLibrary">
<doc>Closes currently opened and selected browser window/tab.</doc>
<status status="PASS" starttime="20221022 22:12:56.475" endtime="20221022 22:12:57.498"/>
</kw>
<kw name="Switch Window" library="SeleniumLibrary">
<arg>${windowhandles}[0]</arg>
<doc>Switches to browser window matching ``locator``.</doc>
<status status="PASS" starttime="20221022 22:12:57.498" endtime="20221022 22:12:59.515"/>
</kw>
<status status="PASS" starttime="20221022 22:12:44.288" endtime="20221022 22:12:59.515"/>
</iter>
<status status="PASS" starttime="20221022 22:12:12.596" endtime="20221022 22:12:59.515"/>
</for>
<status status="PASS" starttime="20221022 22:12:12.578" endtime="20221022 22:12:59.515"/>
</kw>
<kw name="verifying Website Privacy Policy Text" library="ProductOrder">
<kw name="Get Text" library="SeleniumLibrary">
<var>${Text}</var>
<arg>${txt_privacy}</arg>
<doc>Returns the text value of the element identified by ``locator``.</doc>
<msg timestamp="20221022 22:13:01.564" level="INFO">${Text} = © 2022 Sauce Labs. All Rights Reserved. Terms of Service | Privacy Policy</msg>
<status status="PASS" starttime="20221022 22:12:59.516" endtime="20221022 22:13:01.564"/>
</kw>
<kw name="Log To Console" library="BuiltIn">
<arg>${Text}</arg>
<doc>Logs the given message to the console.</doc>
<status status="PASS" starttime="20221022 22:13:01.564" endtime="20221022 22:13:01.565"/>
</kw>
<status status="PASS" starttime="20221022 22:12:59.516" endtime="20221022 22:13:01.565"/>
</kw>
<kw name="Logout from the website" library="LogoutPage">
<kw name="Click Button" library="SeleniumLibrary">
<arg>${btn_menu}</arg>
<doc>Clicks the button identified by ``locator``.</doc>
<msg timestamp="20221022 22:13:01.568" level="INFO">Clicking button '//button[@id='react-burger-menu-btn']'.</msg>
<status status="PASS" starttime="20221022 22:13:01.566" endtime="20221022 22:13:06.682"/>
</kw>
<kw name="Click Link" library="SeleniumLibrary">
<arg>Logout</arg>
<doc>Clicks a link identified by ``locator``.</doc>
<msg timestamp="20221022 22:13:06.684" level="INFO">Clicking link 'Logout'.</msg>
<status status="PASS" starttime="20221022 22:13:06.683" endtime="20221022 22:13:09.750"/>
</kw>
<status status="PASS" starttime="20221022 22:13:01.566" endtime="20221022 22:13:09.751"/>
</kw>
<kw name="Close My Browser" library="CommonPage" type="TEARDOWN">
<kw name="Close All Browsers" library="SeleniumLibrary">
<doc>Closes all open browsers and resets the browser cache.</doc>
<status status="PASS" starttime="20221022 22:13:09.752" endtime="20221022 22:13:12.832"/>
</kw>
<status status="PASS" starttime="20221022 22:13:09.752" endtime="20221022 22:13:12.834"/>
</kw>
<status status="PASS" starttime="20221022 22:12:06.872" endtime="20221022 22:13:12.834"/>
</test>
<status status="PASS" starttime="20221022 22:12:06.419" endtime="20221022 22:13:12.834"/>
</suite>
<doc>[https://pabot.org/?ref=log|Pabot] result from 3 executions.</doc>
<status status="PASS" starttime="20221022 22:12:06.388" endtime="20221022 22:13:12.834"/>
</suite>
<statistics>
<total>
<stat pass="3" fail="0" skip="0">All Tests</stat>
</total>
<tag>
</tag>
<suite>
<stat pass="3" fail="0" skip="0" id="s1" name="Suites">Suites</stat>
<stat pass="1" fail="0" skip="0" id="s1-s1" name="TC1 LoginPage">Suites.TC1 LoginPage</stat>
<stat pass="1" fail="0" skip="0" id="s1-s2" name="TC2 AddProductPage">Suites.TC2 AddProductPage</stat>
<stat pass="1" fail="0" skip="0" id="s1-s3" name="TC3 productOrder">Suites.TC3 productOrder</stat>
</suite>
</statistics>
<errors>
</errors>
</robot>
