<?xml version="1.0" encoding="UTF-8"?>
<robot generator="Robot 6.0 (Python 3.10.8 on win32)" generated="20221022 16:23:16.445" rpa="false" schemaversion="3">
<suite id="s1" name="Testcases" source="E:\Project\Robot Project\SauceDemoRobotFramework\Testcases">
<suite id="s1-s1" name="TC1 LoginPage" source="E:\Project\Robot Project\SauceDemoRobotFramework\Testcases\TC1_LoginPage.robot">
<test id="s1-s1-t1" name="Login in the website" line="11">
<kw name="Open my Browser" library="CommonPage" type="SETUP">
<kw name="Open Browser" library="SeleniumLibrary">
<arg>${site}</arg>
<arg>${browser}</arg>
<doc>Opens a new browser instance to the optional ``url``.</doc>
<msg timestamp="20221022 16:23:16.852" level="INFO">Opening browser 'headlessChrome' to base url 'https://www.saucedemo.com/'.</msg>
<status status="PASS" starttime="20221022 16:23:16.852" endtime="20221022 16:23:19.441"/>
</kw>
<kw name="Maximize Browser Window" library="SeleniumLibrary">
<doc>Maximizes current browser window.</doc>
<status status="PASS" starttime="20221022 16:23:19.443" endtime="20221022 16:23:19.560"/>
</kw>
<status status="PASS" starttime="20221022 16:23:16.852" endtime="20221022 16:23:19.560"/>
</kw>
<kw name="Enter Login Credentials and verfiy the page" library="LoginPage">
<kw name="Set Selenium Implicit Wait" library="SeleniumLibrary">
<arg>10</arg>
<doc>Sets the implicit wait value used by Selenium.</doc>
<status status="PASS" starttime="20221022 16:23:19.560" endtime="20221022 16:23:19.560"/>
</kw>
<kw name="Input Text" library="SeleniumLibrary">
<arg>${txt_username}</arg>
<arg>${username}</arg>
<doc>Types the given ``text`` into the text field identified by ``locator``.</doc>
<msg timestamp="20221022 16:23:19.560" level="INFO">Typing text 'standard_user' into text field '//input[@placeholder='Username']'.</msg>
<status status="PASS" starttime="20221022 16:23:19.560" endtime="20221022 16:23:19.718"/>
</kw>
<kw name="Input Password" library="SeleniumLibrary">
<arg>${txt_password}</arg>
<arg>${password}</arg>
<doc>Types the given password into the text field identified by ``locator``.</doc>
<msg timestamp="20221022 16:23:19.721" level="INFO">Typing password into text field '//input[@placeholder='Password']'.</msg>
<msg timestamp="20221022 16:23:19.766" level="INFO">Temporally setting log level to: NONE</msg>
<msg timestamp="20221022 16:23:19.847" level="INFO">Log level changed from NONE to INFO.</msg>
<status status="PASS" starttime="20221022 16:23:19.720" endtime="20221022 16:23:19.847"/>
</kw>
<kw name="Click Element" library="SeleniumLibrary">
<arg>${btn_login}</arg>
<doc>Click the element identified by ``locator``.</doc>
<msg timestamp="20221022 16:23:19.850" level="INFO">Clicking element '//input[@type='submit']'.</msg>
<status status="PASS" starttime="20221022 16:23:19.849" endtime="20221022 16:23:19.968"/>
</kw>
<kw name="Page Should Contain" library="SeleniumLibrary">
<arg>Sauce Labs</arg>
<doc>Verifies that current page contains ``text``.</doc>
<msg timestamp="20221022 16:23:19.995" level="INFO">Current page contains text 'Sauce Labs'.</msg>
<status status="PASS" starttime="20221022 16:23:19.976" endtime="20221022 16:23:19.996"/>
</kw>
<status status="PASS" starttime="20221022 16:23:19.560" endtime="20221022 16:23:19.998"/>
</kw>
<kw name="Logout from the website" library="LogoutPage">
<kw name="Click Button" library="SeleniumLibrary">
<arg>${btn_menu}</arg>
<doc>Clicks the button identified by ``locator``.</doc>
<msg timestamp="20221022 16:23:20.001" level="INFO">Clicking button '//button[@id='react-burger-menu-btn']'.</msg>
<status status="PASS" starttime="20221022 16:23:19.999" endtime="20221022 16:23:20.082"/>
</kw>
<kw name="Click Link" library="SeleniumLibrary">
<arg>Logout</arg>
<doc>Clicks a link identified by ``locator``.</doc>
<msg timestamp="20221022 16:23:20.085" level="INFO">Clicking link 'Logout'.</msg>
<status status="PASS" starttime="20221022 16:23:20.084" endtime="20221022 16:23:20.215"/>
</kw>
<status status="PASS" starttime="20221022 16:23:19.999" endtime="20221022 16:23:20.217"/>
</kw>
<kw name="Close My Browser" library="CommonPage" type="TEARDOWN">
<kw name="Close All Browsers" library="SeleniumLibrary">
<doc>Closes all open browsers and resets the browser cache.</doc>
<status status="PASS" starttime="20221022 16:23:20.220" endtime="20221022 16:23:22.318"/>
</kw>
<status status="PASS" starttime="20221022 16:23:20.219" endtime="20221022 16:23:22.318"/>
</kw>
<status status="PASS" starttime="20221022 16:23:16.852" endtime="20221022 16:23:22.318"/>
</test>
<status status="PASS" starttime="20221022 16:23:16.555" endtime="20221022 16:23:22.318"/>
</suite>
<suite id="s1-s2" name="TC2 AddProductPage" source="E:\Project\Robot Project\SauceDemoRobotFramework\Testcases\TC2_AddProductPage.robot">
<test id="s1-s2-t1" name="Add Product to Cart" line="12">
<kw name="Open my Browser" library="CommonPage" type="SETUP">
<kw name="Open Browser" library="SeleniumLibrary">
<arg>${site}</arg>
<arg>${browser}</arg>
<doc>Opens a new browser instance to the optional ``url``.</doc>
<msg timestamp="20221022 16:23:22.365" level="INFO">Opening browser 'headlessChrome' to base url 'https://www.saucedemo.com/'.</msg>
<status status="PASS" starttime="20221022 16:23:22.365" endtime="20221022 16:23:24.569"/>
</kw>
<kw name="Maximize Browser Window" library="SeleniumLibrary">
<doc>Maximizes current browser window.</doc>
<status status="PASS" starttime="20221022 16:23:24.571" endtime="20221022 16:23:24.679"/>
</kw>
<status status="PASS" starttime="20221022 16:23:22.365" endtime="20221022 16:23:24.679"/>
</kw>
<kw name="Enter Login Credentials and verfiy the page" library="LoginPage">
<kw name="Set Selenium Implicit Wait" library="SeleniumLibrary">
<arg>10</arg>
<doc>Sets the implicit wait value used by Selenium.</doc>
<status status="PASS" starttime="20221022 16:23:24.679" endtime="20221022 16:23:24.679"/>
</kw>
<kw name="Input Text" library="SeleniumLibrary">
<arg>${txt_username}</arg>
<arg>${username}</arg>
<doc>Types the given ``text`` into the text field identified by ``locator``.</doc>
<msg timestamp="20221022 16:23:24.679" level="INFO">Typing text 'standard_user' into text field '//input[@placeholder='Username']'.</msg>
<status status="PASS" starttime="20221022 16:23:24.679" endtime="20221022 16:23:24.835"/>
</kw>
<kw name="Input Password" library="SeleniumLibrary">
<arg>${txt_password}</arg>
<arg>${password}</arg>
<doc>Types the given password into the text field identified by ``locator``.</doc>
<msg timestamp="20221022 16:23:24.839" level="INFO">Typing password into text field '//input[@placeholder='Password']'.</msg>
<msg timestamp="20221022 16:23:24.882" level="INFO">Temporally setting log level to: NONE</msg>
<msg timestamp="20221022 16:23:24.959" level="INFO">Log level changed from NONE to INFO.</msg>
<status status="PASS" starttime="20221022 16:23:24.837" endtime="20221022 16:23:24.959"/>
</kw>
<kw name="Click Element" library="SeleniumLibrary">
<arg>${btn_login}</arg>
<doc>Click the element identified by ``locator``.</doc>
<msg timestamp="20221022 16:23:24.963" level="INFO">Clicking element '//input[@type='submit']'.</msg>
<status status="PASS" starttime="20221022 16:23:24.961" endtime="20221022 16:23:25.081"/>
</kw>
<kw name="Page Should Contain" library="SeleniumLibrary">
<arg>Sauce Labs</arg>
<doc>Verifies that current page contains ``text``.</doc>
<msg timestamp="20221022 16:23:25.107" level="INFO">Current page contains text 'Sauce Labs'.</msg>
<status status="PASS" starttime="20221022 16:23:25.083" endtime="20221022 16:23:25.107"/>
</kw>
<status status="PASS" starttime="20221022 16:23:24.679" endtime="20221022 16:23:25.109"/>
</kw>
<kw name="Add product to the cart" library="AddProductPage">
<kw name="Get Element Count" library="SeleniumLibrary">
<var>${count}</var>
<arg>${btn_addtocart}</arg>
<doc>Returns the number of elements matching ``locator``.</doc>
<msg timestamp="20221022 16:23:25.126" level="INFO">${count} = 6</msg>
<status status="PASS" starttime="20221022 16:23:25.111" endtime="20221022 16:23:25.126"/>
</kw>
<kw name="Log To Console" library="BuiltIn">
<arg>${count}</arg>
<doc>Logs the given message to the console.</doc>
<status status="PASS" starttime="20221022 16:23:25.128" endtime="20221022 16:23:25.129"/>
</kw>
<for flavor="IN RANGE">
<var>${i}</var>
<value>1</value>
<value>${count}+1</value>
<iter>
<var name="${i}">1</var>
<kw name="Set Selenium Speed" library="SeleniumLibrary">
<arg>0</arg>
<doc>Sets the delay that is waited after each Selenium command.</doc>
<status status="PASS" starttime="20221022 16:23:25.131" endtime="20221022 16:23:25.131"/>
</kw>
<kw name="Click Element" library="SeleniumLibrary">
<arg>${btn_addtocart} [${i}]</arg>
<doc>Click the element identified by ``locator``.</doc>
<msg timestamp="20221022 16:23:25.133" level="INFO">Clicking element '(//div[@class='inventory_item_name']) [1]'.</msg>
<status status="PASS" starttime="20221022 16:23:25.132" endtime="20221022 16:23:25.199"/>
</kw>
<kw name="Click Button" library="SeleniumLibrary">
<arg>${addToCartLocator}</arg>
<doc>Clicks the button identified by ``locator``.</doc>
<msg timestamp="20221022 16:23:25.203" level="INFO">Clicking button '//button[contains(text(),'Add to cart')]'.</msg>
<status status="PASS" starttime="20221022 16:23:25.202" endtime="20221022 16:23:25.273"/>
</kw>
<kw name="Click Button" library="SeleniumLibrary">
<arg>${backToProducts}</arg>
<doc>Clicks the button identified by ``locator``.</doc>
<msg timestamp="20221022 16:23:25.276" level="INFO">Clicking button '//button[@id='back-to-products']'.</msg>
<status status="PASS" starttime="20221022 16:23:25.275" endtime="20221022 16:23:25.367"/>
</kw>
<status status="PASS" starttime="20221022 16:23:25.130" endtime="20221022 16:23:25.369"/>
</iter>
<iter>
<var name="${i}">2</var>
<kw name="Set Selenium Speed" library="SeleniumLibrary">
<arg>0</arg>
<doc>Sets the delay that is waited after each Selenium command.</doc>
<status status="PASS" starttime="20221022 16:23:25.370" endtime="20221022 16:23:25.370"/>
</kw>
<kw name="Click Element" library="SeleniumLibrary">
<arg>${btn_addtocart} [${i}]</arg>
<doc>Click the element identified by ``locator``.</doc>
<msg timestamp="20221022 16:23:25.372" level="INFO">Clicking element '(//div[@class='inventory_item_name']) [2]'.</msg>
<status status="PASS" starttime="20221022 16:23:25.371" endtime="20221022 16:23:25.429"/>
</kw>
<kw name="Click Button" library="SeleniumLibrary">
<arg>${addToCartLocator}</arg>
<doc>Clicks the button identified by ``locator``.</doc>
<msg timestamp="20221022 16:23:25.432" level="INFO">Clicking button '//button[contains(text(),'Add to cart')]'.</msg>
<status status="PASS" starttime="20221022 16:23:25.431" endtime="20221022 16:23:25.502"/>
</kw>
<kw name="Click Button" library="SeleniumLibrary">
<arg>${backToProducts}</arg>
<doc>Clicks the button identified by ``locator``.</doc>
<msg timestamp="20221022 16:23:25.505" level="INFO">Clicking button '//button[@id='back-to-products']'.</msg>
<status status="PASS" starttime="20221022 16:23:25.504" endtime="20221022 16:23:25.594"/>
</kw>
<status status="PASS" starttime="20221022 16:23:25.370" endtime="20221022 16:23:25.600"/>
</iter>
<iter>
<var name="${i}">3</var>
<kw name="Set Selenium Speed" library="SeleniumLibrary">
<arg>0</arg>
<doc>Sets the delay that is waited after each Selenium command.</doc>
<status status="PASS" starttime="20221022 16:23:25.601" endtime="20221022 16:23:25.602"/>
</kw>
<kw name="Click Element" library="SeleniumLibrary">
<arg>${btn_addtocart} [${i}]</arg>
<doc>Click the element identified by ``locator``.</doc>
<msg timestamp="20221022 16:23:25.604" level="INFO">Clicking element '(//div[@class='inventory_item_name']) [3]'.</msg>
<status status="PASS" starttime="20221022 16:23:25.603" endtime="20221022 16:23:25.731"/>
</kw>
<kw name="Click Button" library="SeleniumLibrary">
<arg>${addToCartLocator}</arg>
<doc>Clicks the button identified by ``locator``.</doc>
<msg timestamp="20221022 16:23:25.747" level="INFO">Clicking button '//button[contains(text(),'Add to cart')]'.</msg>
<status status="PASS" starttime="20221022 16:23:25.746" endtime="20221022 16:23:25.816"/>
</kw>
<kw name="Click Button" library="SeleniumLibrary">
<arg>${backToProducts}</arg>
<doc>Clicks the button identified by ``locator``.</doc>
<msg timestamp="20221022 16:23:25.819" level="INFO">Clicking button '//button[@id='back-to-products']'.</msg>
<status status="PASS" starttime="20221022 16:23:25.818" endtime="20221022 16:23:25.910"/>
</kw>
<status status="PASS" starttime="20221022 16:23:25.601" endtime="20221022 16:23:25.912"/>
</iter>
<iter>
<var name="${i}">4</var>
<kw name="Set Selenium Speed" library="SeleniumLibrary">
<arg>0</arg>
<doc>Sets the delay that is waited after each Selenium command.</doc>
<status status="PASS" starttime="20221022 16:23:25.912" endtime="20221022 16:23:25.913"/>
</kw>
<kw name="Click Element" library="SeleniumLibrary">
<arg>${btn_addtocart} [${i}]</arg>
<doc>Click the element identified by ``locator``.</doc>
<msg timestamp="20221022 16:23:25.914" level="INFO">Clicking element '(//div[@class='inventory_item_name']) [4]'.</msg>
<status status="PASS" starttime="20221022 16:23:25.913" endtime="20221022 16:23:26.033"/>
</kw>
<kw name="Click Button" library="SeleniumLibrary">
<arg>${addToCartLocator}</arg>
<doc>Clicks the button identified by ``locator``.</doc>
<msg timestamp="20221022 16:23:26.036" level="INFO">Clicking button '//button[contains(text(),'Add to cart')]'.</msg>
<status status="PASS" starttime="20221022 16:23:26.035" endtime="20221022 16:23:26.148"/>
</kw>
<kw name="Click Button" library="SeleniumLibrary">
<arg>${backToProducts}</arg>
<doc>Clicks the button identified by ``locator``.</doc>
<msg timestamp="20221022 16:23:26.152" level="INFO">Clicking button '//button[@id='back-to-products']'.</msg>
<status status="PASS" starttime="20221022 16:23:26.150" endtime="20221022 16:23:26.238"/>
</kw>
<status status="PASS" starttime="20221022 16:23:25.912" endtime="20221022 16:23:26.239"/>
</iter>
<iter>
<var name="${i}">5</var>
<kw name="Set Selenium Speed" library="SeleniumLibrary">
<arg>0</arg>
<doc>Sets the delay that is waited after each Selenium command.</doc>
<status status="PASS" starttime="20221022 16:23:26.240" endtime="20221022 16:23:26.241"/>
</kw>
<kw name="Click Element" library="SeleniumLibrary">
<arg>${btn_addtocart} [${i}]</arg>
<doc>Click the element identified by ``locator``.</doc>
<msg timestamp="20221022 16:23:26.242" level="INFO">Clicking element '(//div[@class='inventory_item_name']) [5]'.</msg>
<status status="PASS" starttime="20221022 16:23:26.241" endtime="20221022 16:23:26.358"/>
</kw>
<kw name="Click Button" library="SeleniumLibrary">
<arg>${addToCartLocator}</arg>
<doc>Clicks the button identified by ``locator``.</doc>
<msg timestamp="20221022 16:23:26.361" level="INFO">Clicking button '//button[contains(text(),'Add to cart')]'.</msg>
<status status="PASS" starttime="20221022 16:23:26.361" endtime="20221022 16:23:26.430"/>
</kw>
<kw name="Click Button" library="SeleniumLibrary">
<arg>${backToProducts}</arg>
<doc>Clicks the button identified by ``locator``.</doc>
<msg timestamp="20221022 16:23:26.434" level="INFO">Clicking button '//button[@id='back-to-products']'.</msg>
<status status="PASS" starttime="20221022 16:23:26.433" endtime="20221022 16:23:26.518"/>
</kw>
<status status="PASS" starttime="20221022 16:23:26.240" endtime="20221022 16:23:26.520"/>
</iter>
<iter>
<var name="${i}">6</var>
<kw name="Set Selenium Speed" library="SeleniumLibrary">
<arg>0</arg>
<doc>Sets the delay that is waited after each Selenium command.</doc>
<status status="PASS" starttime="20221022 16:23:26.520" endtime="20221022 16:23:26.521"/>
</kw>
<kw name="Click Element" library="SeleniumLibrary">
<arg>${btn_addtocart} [${i}]</arg>
<doc>Click the element identified by ``locator``.</doc>
<msg timestamp="20221022 16:23:26.522" level="INFO">Clicking element '(//div[@class='inventory_item_name']) [6]'.</msg>
<status status="PASS" starttime="20221022 16:23:26.521" endtime="20221022 16:23:26.584"/>
</kw>
<kw name="Click Button" library="SeleniumLibrary">
<arg>${addToCartLocator}</arg>
<doc>Clicks the button identified by ``locator``.</doc>
<msg timestamp="20221022 16:23:26.588" level="INFO">Clicking button '//button[contains(text(),'Add to cart')]'.</msg>
<status status="PASS" starttime="20221022 16:23:26.587" endtime="20221022 16:23:26.659"/>
</kw>
<kw name="Click Button" library="SeleniumLibrary">
<arg>${backToProducts}</arg>
<doc>Clicks the button identified by ``locator``.</doc>
<msg timestamp="20221022 16:23:26.662" level="INFO">Clicking button '//button[@id='back-to-products']'.</msg>
<status status="PASS" starttime="20221022 16:23:26.661" endtime="20221022 16:23:26.746"/>
</kw>
<status status="PASS" starttime="20221022 16:23:26.520" endtime="20221022 16:23:26.748"/>
</iter>
<status status="PASS" starttime="20221022 16:23:25.130" endtime="20221022 16:23:26.749"/>
</for>
<kw name="Get Text" library="SeleniumLibrary">
<var>${count}</var>
<arg>//span[@class='shopping_cart_badge']</arg>
<doc>Returns the text value of the element identified by ``locator``.</doc>
<msg timestamp="20221022 16:23:26.782" level="INFO">${count} = 6</msg>
<status status="PASS" starttime="20221022 16:23:26.750" endtime="20221022 16:23:26.782"/>
</kw>
<kw name="Log To Console" library="BuiltIn">
<arg>${count}</arg>
<doc>Logs the given message to the console.</doc>
<status status="PASS" starttime="20221022 16:23:26.784" endtime="20221022 16:23:26.785"/>
</kw>
<kw name="Should Be Equal As Integers" library="BuiltIn">
<arg>${count}</arg>
<arg>${count}</arg>
<doc>Fails if objects are unequal after converting them to integers.</doc>
<status status="PASS" starttime="20221022 16:23:26.786" endtime="20221022 16:23:26.786"/>
</kw>
<status status="PASS" starttime="20221022 16:23:25.111" endtime="20221022 16:23:26.787"/>
</kw>
<kw name="Go to cart and order" library="AddProductPage">
<kw name="Click Element" library="SeleniumLibrary">
<arg>${btn_cart}</arg>
<doc>Click the element identified by ``locator``.</doc>
<msg timestamp="20221022 16:23:26.790" level="INFO">Clicking element '//div[@class='shopping_cart_container']'.</msg>
<status status="PASS" starttime="20221022 16:23:26.789" endtime="20221022 16:23:26.855"/>
</kw>
<kw name="Click Button" library="SeleniumLibrary">
<arg>${btn_checkout}</arg>
<doc>Clicks the button identified by ``locator``.</doc>
<msg timestamp="20221022 16:23:26.858" level="INFO">Clicking button '//button[@name='checkout']'.</msg>
<status status="PASS" starttime="20221022 16:23:26.857" endtime="20221022 16:23:26.940"/>
</kw>
<kw name="Page Should Contain" library="SeleniumLibrary">
<arg>${assert_text}</arg>
<doc>Verifies that current page contains ``text``.</doc>
<msg timestamp="20221022 16:23:26.959" level="INFO">Current page contains text 'Checkout: Your Information'.</msg>
<status status="PASS" starttime="20221022 16:23:26.942" endtime="20221022 16:23:26.960"/>
</kw>
<status status="PASS" starttime="20221022 16:23:26.788" endtime="20221022 16:23:26.962"/>
</kw>
<kw name="Add Delivery Details" library="AddProductPage">
<kw name="Set Selenium Speed" library="SeleniumLibrary">
<arg>1</arg>
<doc>Sets the delay that is waited after each Selenium command.</doc>
<status status="PASS" starttime="20221022 16:23:26.964" endtime="20221022 16:23:26.964"/>
</kw>
<kw name="Input Text" library="SeleniumLibrary">
<arg>${txt_firstname}</arg>
<arg>${firstName}</arg>
<doc>Types the given ``text`` into the text field identified by ``locator``.</doc>
<msg timestamp="20221022 16:23:26.966" level="INFO">Typing text 'raman' into text field '//input[@name='firstName']'.</msg>
<status status="PASS" starttime="20221022 16:23:26.965" endtime="20221022 16:23:30.100"/>
</kw>
<kw name="Input Text" library="SeleniumLibrary">
<arg>${txt_lastname}</arg>
<arg>${lastName}</arg>
<doc>Types the given ``text`` into the text field identified by ``locator``.</doc>
<msg timestamp="20221022 16:23:30.104" level="INFO">Typing text 'yadav' into text field '//input[@name='lastName']'.</msg>
<status status="PASS" starttime="20221022 16:23:30.103" endtime="20221022 16:23:33.271"/>
</kw>
<kw name="Input Text" library="SeleniumLibrary">
<arg>${txt_pincode}</arg>
<arg>${postalCode}</arg>
<doc>Types the given ``text`` into the text field identified by ``locator``.</doc>
<msg timestamp="20221022 16:23:33.273" level="INFO">Typing text '100257' into text field '//input[@name='postalCode']'.</msg>
<status status="PASS" starttime="20221022 16:23:33.273" endtime="20221022 16:23:36.418"/>
</kw>
<kw name="Click Element" library="SeleniumLibrary">
<arg>${btn_continue}</arg>
<doc>Click the element identified by ``locator``.</doc>
<msg timestamp="20221022 16:23:36.421" level="INFO">Clicking element '//input[@name='continue']'.</msg>
<status status="PASS" starttime="20221022 16:23:36.420" endtime="20221022 16:23:38.507"/>
</kw>
<kw name="Click Button" library="SeleniumLibrary">
<arg>${btn_finish}</arg>
<doc>Clicks the button identified by ``locator``.</doc>
<msg timestamp="20221022 16:23:38.507" level="INFO">Clicking button '//button[@name='finish']'.</msg>
<status status="PASS" starttime="20221022 16:23:38.507" endtime="20221022 16:23:43.583"/>
</kw>
<kw name="Page Should Contain" library="SeleniumLibrary">
<arg>${assert_txt}</arg>
<doc>Verifies that current page contains ``text``.</doc>
<msg timestamp="20221022 16:23:45.615" level="INFO">Current page contains text 'THANK YOU FOR YOUR ORDER'.</msg>
<status status="PASS" starttime="20221022 16:23:43.585" endtime="20221022 16:23:45.615"/>
</kw>
<kw name="Click Button" library="SeleniumLibrary">
<arg>${btn_backtohome}</arg>
<doc>Clicks the button identified by ``locator``.</doc>
<msg timestamp="20221022 16:23:45.615" level="INFO">Clicking button '//button[@name='back-to-products']'.</msg>
<status status="PASS" starttime="20221022 16:23:45.615" endtime="20221022 16:23:50.669"/>
</kw>
<status status="PASS" starttime="20221022 16:23:26.963" endtime="20221022 16:23:50.669"/>
</kw>
<kw name="Logout from the website" library="LogoutPage">
<kw name="Click Button" library="SeleniumLibrary">
<arg>${btn_menu}</arg>
<doc>Clicks the button identified by ``locator``.</doc>
<msg timestamp="20221022 16:23:50.669" level="INFO">Clicking button '//button[@id='react-burger-menu-btn']'.</msg>
<status status="PASS" starttime="20221022 16:23:50.669" endtime="20221022 16:23:55.736"/>
</kw>
<kw name="Click Link" library="SeleniumLibrary">
<arg>Logout</arg>
<doc>Clicks a link identified by ``locator``.</doc>
<msg timestamp="20221022 16:23:55.736" level="INFO">Clicking link 'Logout'.</msg>
<status status="PASS" starttime="20221022 16:23:55.736" endtime="20221022 16:23:58.815"/>
</kw>
<status status="PASS" starttime="20221022 16:23:50.669" endtime="20221022 16:23:58.815"/>
</kw>
<kw name="Close My Browser" library="CommonPage" type="TEARDOWN">
<kw name="Close All Browsers" library="SeleniumLibrary">
<doc>Closes all open browsers and resets the browser cache.</doc>
<status status="PASS" starttime="20221022 16:23:58.815" endtime="20221022 16:24:01.871"/>
</kw>
<status status="PASS" starttime="20221022 16:23:58.815" endtime="20221022 16:24:01.871"/>
</kw>
<status status="PASS" starttime="20221022 16:23:22.365" endtime="20221022 16:24:01.871"/>
</test>
<status status="PASS" starttime="20221022 16:23:22.334" endtime="20221022 16:24:01.871"/>
</suite>
<suite id="s1-s3" name="TC3 productOrder" source="E:\Project\Robot Project\SauceDemoRobotFramework\Testcases\TC3_productOrder.robot">
<test id="s1-s3-t1" name="Sorting the products and getting the values" line="12">
<kw name="Open my Browser" library="CommonPage" type="SETUP">
<kw name="Open Browser" library="SeleniumLibrary">
<arg>${site}</arg>
<arg>${browser}</arg>
<doc>Opens a new browser instance to the optional ``url``.</doc>
<msg timestamp="20221022 16:24:01.929" level="INFO">Opening browser 'headlessChrome' to base url 'https://www.saucedemo.com/'.</msg>
<status status="PASS" starttime="20221022 16:24:01.929" endtime="20221022 16:24:04.927"/>
</kw>
<kw name="Maximize Browser Window" library="SeleniumLibrary">
<doc>Maximizes current browser window.</doc>
<status status="PASS" starttime="20221022 16:24:04.927" endtime="20221022 16:24:06.043"/>
</kw>
<status status="PASS" starttime="20221022 16:24:01.928" endtime="20221022 16:24:06.043"/>
</kw>
<kw name="Enter Login Credentials and verfiy the page" library="LoginPage">
<kw name="Set Selenium Implicit Wait" library="SeleniumLibrary">
<arg>10</arg>
<doc>Sets the implicit wait value used by Selenium.</doc>
<status status="PASS" starttime="20221022 16:24:06.043" endtime="20221022 16:24:07.048"/>
</kw>
<kw name="Input Text" library="SeleniumLibrary">
<arg>${txt_username}</arg>
<arg>${username}</arg>
<doc>Types the given ``text`` into the text field identified by ``locator``.</doc>
<msg timestamp="20221022 16:24:07.048" level="INFO">Typing text 'standard_user' into text field '//input[@placeholder='Username']'.</msg>
<status status="PASS" starttime="20221022 16:24:07.048" endtime="20221022 16:24:10.184"/>
</kw>
<kw name="Input Password" library="SeleniumLibrary">
<arg>${txt_password}</arg>
<arg>${password}</arg>
<doc>Types the given password into the text field identified by ``locator``.</doc>
<msg timestamp="20221022 16:24:10.188" level="INFO">Typing password into text field '//input[@placeholder='Password']'.</msg>
<msg timestamp="20221022 16:24:12.246" level="INFO">Temporally setting log level to: NONE</msg>
<msg timestamp="20221022 16:24:13.317" level="INFO">Log level changed from NONE to INFO.</msg>
<status status="PASS" starttime="20221022 16:24:10.187" endtime="20221022 16:24:13.317"/>
</kw>
<kw name="Click Element" library="SeleniumLibrary">
<arg>${btn_login}</arg>
<doc>Click the element identified by ``locator``.</doc>
<msg timestamp="20221022 16:24:13.320" level="INFO">Clicking element '//input[@type='submit']'.</msg>
<status status="PASS" starttime="20221022 16:24:13.319" endtime="20221022 16:24:15.441"/>
</kw>
<kw name="Page Should Contain" library="SeleniumLibrary">
<arg>Sauce Labs</arg>
<doc>Verifies that current page contains ``text``.</doc>
<msg timestamp="20221022 16:24:17.468" level="INFO">Current page contains text 'Sauce Labs'.</msg>
<status status="PASS" starttime="20221022 16:24:15.441" endtime="20221022 16:24:17.468"/>
</kw>
<status status="PASS" starttime="20221022 16:24:06.043" endtime="20221022 16:24:17.468"/>
</kw>
<kw name="Select Products order list" library="ProductOrder">
<kw name="Select From List By Value" library="SeleniumLibrary">
<arg>${dropdown}</arg>
<arg>hilo</arg>
<doc>Selects options from selection list ``locator`` by ``values``.</doc>
<msg timestamp="20221022 16:24:17.468" level="INFO">Selecting options from selection list 'class:product_sort_container' by value hilo.</msg>
<status status="PASS" starttime="20221022 16:24:17.468" endtime="20221022 16:24:26.590"/>
</kw>
<kw name="Get Element Count" library="SeleniumLibrary">
<var>${count}</var>
<arg>${product_count}</arg>
<doc>Returns the number of elements matching ``locator``.</doc>
<msg timestamp="20221022 16:24:27.606" level="INFO">${count} = 6</msg>
<status status="PASS" starttime="20221022 16:24:26.590" endtime="20221022 16:24:27.606"/>
</kw>
<for flavor="IN RANGE">
<var>${i}</var>
<value>1</value>
<value>${count}+1</value>
<iter>
<var name="${i}">1</var>
<kw name="Get Text" library="SeleniumLibrary">
<var>${Text}</var>
<arg>${product_count} [${i}]</arg>
<doc>Returns the text value of the element identified by ``locator``.</doc>
<msg timestamp="20221022 16:24:29.651" level="INFO">${Text} = Sauce Labs Fleece Jacket</msg>
<status status="PASS" starttime="20221022 16:24:27.606" endtime="20221022 16:24:29.651"/>
</kw>
<kw name="Page Should Contain" library="SeleniumLibrary">
<arg>${Text}</arg>
<doc>Verifies that current page contains ``text``.</doc>
<msg timestamp="20221022 16:24:31.659" level="INFO">Current page contains text 'Sauce Labs Fleece Jacket'.</msg>
<status status="PASS" starttime="20221022 16:24:29.651" endtime="20221022 16:24:31.659"/>
</kw>
<status status="PASS" starttime="20221022 16:24:27.606" endtime="20221022 16:24:31.659"/>
</iter>
<iter>
<var name="${i}">2</var>
<kw name="Get Text" library="SeleniumLibrary">
<var>${Text}</var>
<arg>${product_count} [${i}]</arg>
<doc>Returns the text value of the element identified by ``locator``.</doc>
<msg timestamp="20221022 16:24:33.713" level="INFO">${Text} = Sauce Labs Backpack</msg>
<status status="PASS" starttime="20221022 16:24:31.659" endtime="20221022 16:24:33.713"/>
</kw>
<kw name="Page Should Contain" library="SeleniumLibrary">
<arg>${Text}</arg>
<doc>Verifies that current page contains ``text``.</doc>
<msg timestamp="20221022 16:24:35.723" level="INFO">Current page contains text 'Sauce Labs Backpack'.</msg>
<status status="PASS" starttime="20221022 16:24:33.713" endtime="20221022 16:24:35.723"/>
</kw>
<status status="PASS" starttime="20221022 16:24:31.659" endtime="20221022 16:24:35.723"/>
</iter>
<iter>
<var name="${i}">3</var>
<kw name="Get Text" library="SeleniumLibrary">
<var>${Text}</var>
<arg>${product_count} [${i}]</arg>
<doc>Returns the text value of the element identified by ``locator``.</doc>
<msg timestamp="20221022 16:24:37.739" level="INFO">${Text} = Sauce Labs Bolt T-Shirt</msg>
<status status="PASS" starttime="20221022 16:24:35.723" endtime="20221022 16:24:37.739"/>
</kw>
<kw name="Page Should Contain" library="SeleniumLibrary">
<arg>${Text}</arg>
<doc>Verifies that current page contains ``text``.</doc>
<msg timestamp="20221022 16:24:39.747" level="INFO">Current page contains text 'Sauce Labs Bolt T-Shirt'.</msg>
<status status="PASS" starttime="20221022 16:24:37.739" endtime="20221022 16:24:39.747"/>
</kw>
<status status="PASS" starttime="20221022 16:24:35.723" endtime="20221022 16:24:39.747"/>
</iter>
<iter>
<var name="${i}">4</var>
<kw name="Get Text" library="SeleniumLibrary">
<var>${Text}</var>
<arg>${product_count} [${i}]</arg>
<doc>Returns the text value of the element identified by ``locator``.</doc>
<msg timestamp="20221022 16:24:41.766" level="INFO">${Text} = Test.allTheThings() T-Shirt (Red)</msg>
<status status="PASS" starttime="20221022 16:24:39.747" endtime="20221022 16:24:41.766"/>
</kw>
<kw name="Page Should Contain" library="SeleniumLibrary">
<arg>${Text}</arg>
<doc>Verifies that current page contains ``text``.</doc>
<msg timestamp="20221022 16:24:43.776" level="INFO">Current page contains text 'Test.allTheThings() T-Shirt (Red)'.</msg>
<status status="PASS" starttime="20221022 16:24:41.766" endtime="20221022 16:24:43.776"/>
</kw>
<status status="PASS" starttime="20221022 16:24:39.747" endtime="20221022 16:24:43.776"/>
</iter>
<iter>
<var name="${i}">5</var>
<kw name="Get Text" library="SeleniumLibrary">
<var>${Text}</var>
<arg>${product_count} [${i}]</arg>
<doc>Returns the text value of the element identified by ``locator``.</doc>
<msg timestamp="20221022 16:24:45.793" level="INFO">${Text} = Sauce Labs Bike Light</msg>
<status status="PASS" starttime="20221022 16:24:43.776" endtime="20221022 16:24:45.793"/>
</kw>
<kw name="Page Should Contain" library="SeleniumLibrary">
<arg>${Text}</arg>
<doc>Verifies that current page contains ``text``.</doc>
<msg timestamp="20221022 16:24:47.805" level="INFO">Current page contains text 'Sauce Labs Bike Light'.</msg>
<status status="PASS" starttime="20221022 16:24:45.793" endtime="20221022 16:24:47.805"/>
</kw>
<status status="PASS" starttime="20221022 16:24:43.776" endtime="20221022 16:24:47.805"/>
</iter>
<iter>
<var name="${i}">6</var>
<kw name="Get Text" library="SeleniumLibrary">
<var>${Text}</var>
<arg>${product_count} [${i}]</arg>
<doc>Returns the text value of the element identified by ``locator``.</doc>
<msg timestamp="20221022 16:24:49.836" level="INFO">${Text} = Sauce Labs Onesie</msg>
<status status="PASS" starttime="20221022 16:24:47.805" endtime="20221022 16:24:49.836"/>
</kw>
<kw name="Page Should Contain" library="SeleniumLibrary">
<arg>${Text}</arg>
<doc>Verifies that current page contains ``text``.</doc>
<msg timestamp="20221022 16:24:51.841" level="INFO">Current page contains text 'Sauce Labs Onesie'.</msg>
<status status="PASS" starttime="20221022 16:24:49.838" endtime="20221022 16:24:51.841"/>
</kw>
<status status="PASS" starttime="20221022 16:24:47.805" endtime="20221022 16:24:51.841"/>
</iter>
<status status="PASS" starttime="20221022 16:24:27.606" endtime="20221022 16:24:51.841"/>
</for>
<status status="PASS" starttime="20221022 16:24:17.468" endtime="20221022 16:24:51.841"/>
</kw>
<kw name="Select Products price list" library="ProductOrder">
<kw name="Get Element Count" library="SeleniumLibrary">
<var>${count}</var>
<arg>${product_price_count}</arg>
<doc>Returns the number of elements matching ``locator``.</doc>
<msg timestamp="20221022 16:24:52.857" level="INFO">${count} = 6</msg>
<status status="PASS" starttime="20221022 16:24:51.841" endtime="20221022 16:24:52.857"/>
</kw>
<for flavor="IN RANGE">
<var>${i}</var>
<value>1</value>
<value>${count}+1</value>
<iter>
<var name="${i}">1</var>
<kw name="Get Text" library="SeleniumLibrary">
<var>${Text}</var>
<arg>${product_price_count} [${i}]</arg>
<doc>Returns the text value of the element identified by ``locator``.</doc>
<msg timestamp="20221022 16:24:54.874" level="INFO">${Text} = $49.99</msg>
<status status="PASS" starttime="20221022 16:24:52.857" endtime="20221022 16:24:54.874"/>
</kw>
<kw name="Log To Console" library="BuiltIn">
<arg>${Text}</arg>
<doc>Logs the given message to the console.</doc>
<status status="PASS" starttime="20221022 16:24:54.874" endtime="20221022 16:24:54.874"/>
</kw>
<kw name="Page Should Contain" library="SeleniumLibrary">
<arg>${Text}</arg>
<doc>Verifies that current page contains ``text``.</doc>
<msg timestamp="20221022 16:24:56.874" level="INFO">Current page contains text '$49.99'.</msg>
<status status="PASS" starttime="20221022 16:24:54.874" endtime="20221022 16:24:56.874"/>
</kw>
<status status="PASS" starttime="20221022 16:24:52.857" endtime="20221022 16:24:56.874"/>
</iter>
<iter>
<var name="${i}">2</var>
<kw name="Get Text" library="SeleniumLibrary">
<var>${Text}</var>
<arg>${product_price_count} [${i}]</arg>
<doc>Returns the text value of the element identified by ``locator``.</doc>
<msg timestamp="20221022 16:24:58.906" level="INFO">${Text} = $29.99</msg>
<status status="PASS" starttime="20221022 16:24:56.874" endtime="20221022 16:24:58.906"/>
</kw>
<kw name="Log To Console" library="BuiltIn">
<arg>${Text}</arg>
<doc>Logs the given message to the console.</doc>
<status status="PASS" starttime="20221022 16:24:58.906" endtime="20221022 16:24:58.906"/>
</kw>
<kw name="Page Should Contain" library="SeleniumLibrary">
<arg>${Text}</arg>
<doc>Verifies that current page contains ``text``.</doc>
<msg timestamp="20221022 16:25:00.931" level="INFO">Current page contains text '$29.99'.</msg>
<status status="PASS" starttime="20221022 16:24:58.906" endtime="20221022 16:25:00.931"/>
</kw>
<status status="PASS" starttime="20221022 16:24:56.874" endtime="20221022 16:25:00.931"/>
</iter>
<iter>
<var name="${i}">3</var>
<kw name="Get Text" library="SeleniumLibrary">
<var>${Text}</var>
<arg>${product_price_count} [${i}]</arg>
<doc>Returns the text value of the element identified by ``locator``.</doc>
<msg timestamp="20221022 16:25:02.947" level="INFO">${Text} = $15.99</msg>
<status status="PASS" starttime="20221022 16:25:00.931" endtime="20221022 16:25:02.947"/>
</kw>
<kw name="Log To Console" library="BuiltIn">
<arg>${Text}</arg>
<doc>Logs the given message to the console.</doc>
<status status="PASS" starttime="20221022 16:25:02.947" endtime="20221022 16:25:02.947"/>
</kw>
<kw name="Page Should Contain" library="SeleniumLibrary">
<arg>${Text}</arg>
<doc>Verifies that current page contains ``text``.</doc>
<msg timestamp="20221022 16:25:04.948" level="INFO">Current page contains text '$15.99'.</msg>
<status status="PASS" starttime="20221022 16:25:02.947" endtime="20221022 16:25:04.948"/>
</kw>
<status status="PASS" starttime="20221022 16:25:00.931" endtime="20221022 16:25:04.948"/>
</iter>
<iter>
<var name="${i}">4</var>
<kw name="Get Text" library="SeleniumLibrary">
<var>${Text}</var>
<arg>${product_price_count} [${i}]</arg>
<doc>Returns the text value of the element identified by ``locator``.</doc>
<msg timestamp="20221022 16:25:06.980" level="INFO">${Text} = $15.99</msg>
<status status="PASS" starttime="20221022 16:25:04.948" endtime="20221022 16:25:06.980"/>
</kw>
<kw name="Log To Console" library="BuiltIn">
<arg>${Text}</arg>
<doc>Logs the given message to the console.</doc>
<status status="PASS" starttime="20221022 16:25:06.980" endtime="20221022 16:25:06.980"/>
</kw>
<kw name="Page Should Contain" library="SeleniumLibrary">
<arg>${Text}</arg>
<doc>Verifies that current page contains ``text``.</doc>
<msg timestamp="20221022 16:25:08.980" level="INFO">Current page contains text '$15.99'.</msg>
<status status="PASS" starttime="20221022 16:25:06.980" endtime="20221022 16:25:08.980"/>
</kw>
<status status="PASS" starttime="20221022 16:25:04.948" endtime="20221022 16:25:08.980"/>
</iter>
<iter>
<var name="${i}">5</var>
<kw name="Get Text" library="SeleniumLibrary">
<var>${Text}</var>
<arg>${product_price_count} [${i}]</arg>
<doc>Returns the text value of the element identified by ``locator``.</doc>
<msg timestamp="20221022 16:25:10.997" level="INFO">${Text} = $9.99</msg>
<status status="PASS" starttime="20221022 16:25:08.980" endtime="20221022 16:25:10.997"/>
</kw>
<kw name="Log To Console" library="BuiltIn">
<arg>${Text}</arg>
<doc>Logs the given message to the console.</doc>
<status status="PASS" starttime="20221022 16:25:10.997" endtime="20221022 16:25:10.997"/>
</kw>
<kw name="Page Should Contain" library="SeleniumLibrary">
<arg>${Text}</arg>
<doc>Verifies that current page contains ``text``.</doc>
<msg timestamp="20221022 16:25:12.998" level="INFO">Current page contains text '$9.99'.</msg>
<status status="PASS" starttime="20221022 16:25:10.997" endtime="20221022 16:25:12.998"/>
</kw>
<status status="PASS" starttime="20221022 16:25:08.980" endtime="20221022 16:25:12.998"/>
</iter>
<iter>
<var name="${i}">6</var>
<kw name="Get Text" library="SeleniumLibrary">
<var>${Text}</var>
<arg>${product_price_count} [${i}]</arg>
<doc>Returns the text value of the element identified by ``locator``.</doc>
<msg timestamp="20221022 16:25:15.014" level="INFO">${Text} = $7.99</msg>
<status status="PASS" starttime="20221022 16:25:12.998" endtime="20221022 16:25:15.014"/>
</kw>
<kw name="Log To Console" library="BuiltIn">
<arg>${Text}</arg>
<doc>Logs the given message to the console.</doc>
<status status="PASS" starttime="20221022 16:25:15.014" endtime="20221022 16:25:15.014"/>
</kw>
<kw name="Page Should Contain" library="SeleniumLibrary">
<arg>${Text}</arg>
<doc>Verifies that current page contains ``text``.</doc>
<msg timestamp="20221022 16:25:17.030" level="INFO">Current page contains text '$7.99'.</msg>
<status status="PASS" starttime="20221022 16:25:15.014" endtime="20221022 16:25:17.030"/>
</kw>
<status status="PASS" starttime="20221022 16:25:12.998" endtime="20221022 16:25:17.030"/>
</iter>
<status status="PASS" starttime="20221022 16:24:52.857" endtime="20221022 16:25:17.030"/>
</for>
<status status="PASS" starttime="20221022 16:24:51.841" endtime="20221022 16:25:17.030"/>
</kw>
<kw name="Social Media Accounts with mulitple window handles" library="ProductOrder">
<kw name="Get Element Count" library="SeleniumLibrary">
<var>${count}</var>
<arg>${social_media}</arg>
<doc>Returns the number of elements matching ``locator``.</doc>
<msg timestamp="20221022 16:25:18.046" level="INFO">${count} = 3</msg>
<status status="PASS" starttime="20221022 16:25:17.030" endtime="20221022 16:25:18.046"/>
</kw>
<for flavor="IN RANGE">
<var>${i}</var>
<value>1</value>
<value>${count}+1</value>
<iter>
<var name="${i}">1</var>
<kw name="Set Selenium Speed" library="SeleniumLibrary">
<arg>1</arg>
<doc>Sets the delay that is waited after each Selenium command.</doc>
<status status="PASS" starttime="20221022 16:25:18.046" endtime="20221022 16:25:18.046"/>
</kw>
<kw name="Click Element" library="SeleniumLibrary">
<arg>${social_media} [${i}]</arg>
<doc>Click the element identified by ``locator``.</doc>
<msg timestamp="20221022 16:25:18.046" level="INFO">Clicking element '(//a[@rel='noreferrer']) [1]'.</msg>
<status status="PASS" starttime="20221022 16:25:18.046" endtime="20221022 16:25:20.103"/>
</kw>
<kw name="Get Window Handles" library="SeleniumLibrary">
<var>${windowhandles}</var>
<doc>Returns all child window handles of the selected browser as a list.</doc>
<msg timestamp="20221022 16:25:22.112" level="INFO">${windowhandles} = ['CDwindow-9FDDB5CBF678A22C58F1E1E8AC5DD931', 'CDwindow-641DF621316E45D1197E8B6F18D1C0B9']</msg>
<status status="PASS" starttime="20221022 16:25:20.103" endtime="20221022 16:25:22.112"/>
</kw>
<kw name="Switch Window" library="SeleniumLibrary">
<arg>${windowhandles}[1]</arg>
<doc>Switches to browser window matching ``locator``.</doc>
<status status="PASS" starttime="20221022 16:25:22.112" endtime="20221022 16:25:31.217"/>
</kw>
<kw name="Close Window" library="SeleniumLibrary">
<doc>Closes currently opened and selected browser window/tab.</doc>
<status status="PASS" starttime="20221022 16:25:31.218" endtime="20221022 16:25:32.236"/>
</kw>
<kw name="Switch Window" library="SeleniumLibrary">
<arg>${windowhandles}[0]</arg>
<doc>Switches to browser window matching ``locator``.</doc>
<status status="PASS" starttime="20221022 16:25:32.236" endtime="20221022 16:25:34.255"/>
</kw>
<status status="PASS" starttime="20221022 16:25:18.046" endtime="20221022 16:25:34.255"/>
</iter>
<iter>
<var name="${i}">2</var>
<kw name="Set Selenium Speed" library="SeleniumLibrary">
<arg>1</arg>
<doc>Sets the delay that is waited after each Selenium command.</doc>
<status status="PASS" starttime="20221022 16:25:34.255" endtime="20221022 16:25:34.255"/>
</kw>
<kw name="Click Element" library="SeleniumLibrary">
<arg>${social_media} [${i}]</arg>
<doc>Click the element identified by ``locator``.</doc>
<msg timestamp="20221022 16:25:34.255" level="INFO">Clicking element '(//a[@rel='noreferrer']) [2]'.</msg>
<status status="PASS" starttime="20221022 16:25:34.255" endtime="20221022 16:25:36.308"/>
</kw>
<kw name="Get Window Handles" library="SeleniumLibrary">
<var>${windowhandles}</var>
<doc>Returns all child window handles of the selected browser as a list.</doc>
<msg timestamp="20221022 16:25:37.321" level="INFO">${windowhandles} = ['CDwindow-9FDDB5CBF678A22C58F1E1E8AC5DD931', 'CDwindow-278F864E69E5F8A215E585F826B4DCCD']</msg>
<status status="PASS" starttime="20221022 16:25:36.308" endtime="20221022 16:25:37.321"/>
</kw>
<kw name="Switch Window" library="SeleniumLibrary">
<arg>${windowhandles}[1]</arg>
<doc>Switches to browser window matching ``locator``.</doc>
<status status="PASS" starttime="20221022 16:25:37.321" endtime="20221022 16:25:46.413"/>
</kw>
<kw name="Close Window" library="SeleniumLibrary">
<doc>Closes currently opened and selected browser window/tab.</doc>
<status status="PASS" starttime="20221022 16:25:46.413" endtime="20221022 16:25:47.433"/>
</kw>
<kw name="Switch Window" library="SeleniumLibrary">
<arg>${windowhandles}[0]</arg>
<doc>Switches to browser window matching ``locator``.</doc>
<status status="PASS" starttime="20221022 16:25:47.433" endtime="20221022 16:25:49.441"/>
</kw>
<status status="PASS" starttime="20221022 16:25:34.255" endtime="20221022 16:25:49.441"/>
</iter>
<iter>
<var name="${i}">3</var>
<kw name="Set Selenium Speed" library="SeleniumLibrary">
<arg>1</arg>
<doc>Sets the delay that is waited after each Selenium command.</doc>
<status status="PASS" starttime="20221022 16:25:49.441" endtime="20221022 16:25:49.441"/>
</kw>
<kw name="Click Element" library="SeleniumLibrary">
<arg>${social_media} [${i}]</arg>
<doc>Click the element identified by ``locator``.</doc>
<msg timestamp="20221022 16:25:49.441" level="INFO">Clicking element '(//a[@rel='noreferrer']) [3]'.</msg>
<status status="PASS" starttime="20221022 16:25:49.441" endtime="20221022 16:25:51.504"/>
</kw>
<kw name="Get Window Handles" library="SeleniumLibrary">
<var>${windowhandles}</var>
<doc>Returns all child window handles of the selected browser as a list.</doc>
<msg timestamp="20221022 16:25:52.519" level="INFO">${windowhandles} = ['CDwindow-9FDDB5CBF678A22C58F1E1E8AC5DD931', 'CDwindow-6B2855728BBA909924AC8C9794CBF3E6']</msg>
<status status="PASS" starttime="20221022 16:25:51.506" endtime="20221022 16:25:52.519"/>
</kw>
<kw name="Switch Window" library="SeleniumLibrary">
<arg>${windowhandles}[1]</arg>
<doc>Switches to browser window matching ``locator``.</doc>
<status status="PASS" starttime="20221022 16:25:52.519" endtime="20221022 16:26:01.611"/>
</kw>
<kw name="Close Window" library="SeleniumLibrary">
<doc>Closes currently opened and selected browser window/tab.</doc>
<status status="PASS" starttime="20221022 16:26:01.612" endtime="20221022 16:26:02.630"/>
</kw>
<kw name="Switch Window" library="SeleniumLibrary">
<arg>${windowhandles}[0]</arg>
<doc>Switches to browser window matching ``locator``.</doc>
<status status="PASS" starttime="20221022 16:26:02.630" endtime="20221022 16:26:04.640"/>
</kw>
<status status="PASS" starttime="20221022 16:25:49.441" endtime="20221022 16:26:04.640"/>
</iter>
<status status="PASS" starttime="20221022 16:25:18.046" endtime="20221022 16:26:04.640"/>
</for>
<status status="PASS" starttime="20221022 16:25:17.030" endtime="20221022 16:26:04.640"/>
</kw>
<kw name="verifying Website Privacy Policy Text" library="ProductOrder">
<kw name="Get Text" library="SeleniumLibrary">
<var>${Text}</var>
<arg>${txt_privacy}</arg>
<doc>Returns the text value of the element identified by ``locator``.</doc>
<msg timestamp="20221022 16:26:06.670" level="INFO">${Text} = © 2022 Sauce Labs. All Rights Reserved. Terms of Service | Privacy Policy</msg>
<status status="PASS" starttime="20221022 16:26:04.640" endtime="20221022 16:26:06.670"/>
</kw>
<kw name="Log To Console" library="BuiltIn">
<arg>${Text}</arg>
<doc>Logs the given message to the console.</doc>
<status status="PASS" starttime="20221022 16:26:06.670" endtime="20221022 16:26:06.670"/>
</kw>
<status status="PASS" starttime="20221022 16:26:04.640" endtime="20221022 16:26:06.670"/>
</kw>
<kw name="Logout from the website" library="LogoutPage">
<kw name="Click Button" library="SeleniumLibrary">
<arg>${btn_menu}</arg>
<doc>Clicks the button identified by ``locator``.</doc>
<msg timestamp="20221022 16:26:06.670" level="INFO">Clicking button '//button[@id='react-burger-menu-btn']'.</msg>
<status status="PASS" starttime="20221022 16:26:06.670" endtime="20221022 16:26:11.732"/>
</kw>
<kw name="Click Link" library="SeleniumLibrary">
<arg>Logout</arg>
<doc>Clicks a link identified by ``locator``.</doc>
<msg timestamp="20221022 16:26:11.732" level="INFO">Clicking link 'Logout'.</msg>
<status status="PASS" starttime="20221022 16:26:11.732" endtime="20221022 16:26:14.780"/>
</kw>
<status status="PASS" starttime="20221022 16:26:06.670" endtime="20221022 16:26:14.780"/>
</kw>
<kw name="Close My Browser" library="CommonPage" type="TEARDOWN">
<kw name="Close All Browsers" library="SeleniumLibrary">
<doc>Closes all open browsers and resets the browser cache.</doc>
<status status="PASS" starttime="20221022 16:26:14.780" endtime="20221022 16:26:17.796"/>
</kw>
<status status="PASS" starttime="20221022 16:26:14.780" endtime="20221022 16:26:17.796"/>
</kw>
<status status="PASS" starttime="20221022 16:24:01.927" endtime="20221022 16:26:17.796"/>
</test>
<status status="PASS" starttime="20221022 16:24:01.889" endtime="20221022 16:26:17.796"/>
</suite>
<status status="PASS" starttime="20221022 16:23:16.539" endtime="20221022 16:26:17.812"/>
</suite>
<statistics>
<total>
<stat pass="3" fail="0" skip="0">All Tests</stat>
</total>
<tag>
</tag>
<suite>
<stat pass="3" fail="0" skip="0" id="s1" name="Testcases">Testcases</stat>
<stat pass="1" fail="0" skip="0" id="s1-s1" name="TC1 LoginPage">Testcases.TC1 LoginPage</stat>
<stat pass="1" fail="0" skip="0" id="s1-s2" name="TC2 AddProductPage">Testcases.TC2 AddProductPage</stat>
<stat pass="1" fail="0" skip="0" id="s1-s3" name="TC3 productOrder">Testcases.TC3 productOrder</stat>
</suite>
</statistics>
<errors>
</errors>
</robot>
