<?xml version="1.0" encoding="UTF-8"?>
<robot generator="Robot 6.0 (Python 3.10.8 on win32)" generated="20221022 22:12:06.372" rpa="false" schemaversion="3">
<suite id="s1" name="Suites">
<suite id="s1-s1" name="TC2 AddProductPage" source="E:\Project\Robot Project\SauceDemoRobotFramework\TestCases\TC2_AddProductPage.robot">
<test id="s1-s1-t1" name="Add Product to Cart" line="12">
<kw name="Open my Browser" library="CommonPage" type="SETUP">
<kw name="Open Browser" library="SeleniumLibrary">
<arg>${site}</arg>
<arg>${browser}</arg>
<doc>Opens a new browser instance to the optional ``url``.</doc>
<msg timestamp="20221022 22:12:06.856" level="INFO">Opening browser 'headlessChrome' to base url 'https://www.saucedemo.com/'.</msg>
<status status="PASS" starttime="20221022 22:12:06.856" endtime="20221022 22:12:10.967"/>
</kw>
<kw name="Maximize Browser Window" library="SeleniumLibrary">
<doc>Maximizes current browser window.</doc>
<status status="PASS" starttime="20221022 22:12:10.967" endtime="20221022 22:12:11.081"/>
</kw>
<status status="PASS" starttime="20221022 22:12:06.856" endtime="20221022 22:12:11.081"/>
</kw>
<kw name="Enter Login Credentials and verfiy the page" library="LoginPage">
<kw name="Set Selenium Implicit Wait" library="SeleniumLibrary">
<arg>10</arg>
<doc>Sets the implicit wait value used by Selenium.</doc>
<status status="PASS" starttime="20221022 22:12:11.083" endtime="20221022 22:12:11.085"/>
</kw>
<kw name="Input Text" library="SeleniumLibrary">
<arg>${txt_username}</arg>
<arg>${username}</arg>
<doc>Types the given ``text`` into the text field identified by ``locator``.</doc>
<msg timestamp="20221022 22:12:11.087" level="INFO">Typing text 'standard_user' into text field '//input[@placeholder='Username']'.</msg>
<status status="PASS" starttime="20221022 22:12:11.086" endtime="20221022 22:12:11.308"/>
</kw>
<kw name="Input Password" library="SeleniumLibrary">
<arg>${txt_password}</arg>
<arg>${password}</arg>
<doc>Types the given password into the text field identified by ``locator``.</doc>
<msg timestamp="20221022 22:12:11.311" level="INFO">Typing password into text field '//input[@placeholder='Password']'.</msg>
<msg timestamp="20221022 22:12:11.383" level="INFO">Temporally setting log level to: NONE</msg>
<msg timestamp="20221022 22:12:11.473" level="INFO">Log level changed from NONE to INFO.</msg>
<status status="PASS" starttime="20221022 22:12:11.309" endtime="20221022 22:12:11.473"/>
</kw>
<kw name="Click Element" library="SeleniumLibrary">
<arg>${btn_login}</arg>
<doc>Click the element identified by ``locator``.</doc>
<msg timestamp="20221022 22:12:11.476" level="INFO">Clicking element '//input[@type='submit']'.</msg>
<status status="PASS" starttime="20221022 22:12:11.474" endtime="20221022 22:12:11.663"/>
</kw>
<kw name="Page Should Contain" library="SeleniumLibrary">
<arg>Sauce Labs</arg>
<doc>Verifies that current page contains ``text``.</doc>
<msg timestamp="20221022 22:12:11.697" level="INFO">Current page contains text 'Sauce Labs'.</msg>
<status status="PASS" starttime="20221022 22:12:11.664" endtime="20221022 22:12:11.697"/>
</kw>
<status status="PASS" starttime="20221022 22:12:11.082" endtime="20221022 22:12:11.698"/>
</kw>
<kw name="Add product to the cart" library="AddProductPage">
<kw name="Get Element Count" library="SeleniumLibrary">
<var>${count}</var>
<arg>${btn_addtocart}</arg>
<doc>Returns the number of elements matching ``locator``.</doc>
<msg timestamp="20221022 22:12:11.720" level="INFO">${count} = 6</msg>
<status status="PASS" starttime="20221022 22:12:11.699" endtime="20221022 22:12:11.720"/>
</kw>
<kw name="Log To Console" library="BuiltIn">
<arg>${count}</arg>
<doc>Logs the given message to the console.</doc>
<status status="PASS" starttime="20221022 22:12:11.720" endtime="20221022 22:12:11.722"/>
</kw>
<for flavor="IN RANGE">
<var>${i}</var>
<value>1</value>
<value>${count}+1</value>
<iter>
<var name="${i}">1</var>
<kw name="Set Selenium Speed" library="SeleniumLibrary">
<arg>0</arg>
<doc>Sets the delay that is waited after each Selenium command.</doc>
<status status="PASS" starttime="20221022 22:12:11.723" endtime="20221022 22:12:11.724"/>
</kw>
<kw name="Click Element" library="SeleniumLibrary">
<arg>${btn_addtocart} [${i}]</arg>
<doc>Click the element identified by ``locator``.</doc>
<msg timestamp="20221022 22:12:11.726" level="INFO">Clicking element '(//div[@class='inventory_item_name']) [1]'.</msg>
<status status="PASS" starttime="20221022 22:12:11.725" endtime="20221022 22:12:11.803"/>
</kw>
<kw name="Click Button" library="SeleniumLibrary">
<arg>${addToCartLocator}</arg>
<doc>Clicks the button identified by ``locator``.</doc>
<msg timestamp="20221022 22:12:11.805" level="INFO">Clicking button '//button[contains(text(),'Add to cart')]'.</msg>
<status status="PASS" starttime="20221022 22:12:11.803" endtime="20221022 22:12:11.884"/>
</kw>
<kw name="Click Button" library="SeleniumLibrary">
<arg>${backToProducts}</arg>
<doc>Clicks the button identified by ``locator``.</doc>
<msg timestamp="20221022 22:12:11.886" level="INFO">Clicking button '//button[@id='back-to-products']'.</msg>
<status status="PASS" starttime="20221022 22:12:11.885" endtime="20221022 22:12:11.994"/>
</kw>
<status status="PASS" starttime="20221022 22:12:11.723" endtime="20221022 22:12:11.994"/>
</iter>
<iter>
<var name="${i}">2</var>
<kw name="Set Selenium Speed" library="SeleniumLibrary">
<arg>0</arg>
<doc>Sets the delay that is waited after each Selenium command.</doc>
<status status="PASS" starttime="20221022 22:12:11.996" endtime="20221022 22:12:11.997"/>
</kw>
<kw name="Click Element" library="SeleniumLibrary">
<arg>${btn_addtocart} [${i}]</arg>
<doc>Click the element identified by ``locator``.</doc>
<msg timestamp="20221022 22:12:11.999" level="INFO">Clicking element '(//div[@class='inventory_item_name']) [2]'.</msg>
<status status="PASS" starttime="20221022 22:12:11.997" endtime="20221022 22:12:12.068"/>
</kw>
<kw name="Click Button" library="SeleniumLibrary">
<arg>${addToCartLocator}</arg>
<doc>Clicks the button identified by ``locator``.</doc>
<msg timestamp="20221022 22:12:12.070" level="INFO">Clicking button '//button[contains(text(),'Add to cart')]'.</msg>
<status status="PASS" starttime="20221022 22:12:12.069" endtime="20221022 22:12:12.147"/>
</kw>
<kw name="Click Button" library="SeleniumLibrary">
<arg>${backToProducts}</arg>
<doc>Clicks the button identified by ``locator``.</doc>
<msg timestamp="20221022 22:12:12.149" level="INFO">Clicking button '//button[@id='back-to-products']'.</msg>
<status status="PASS" starttime="20221022 22:12:12.147" endtime="20221022 22:12:12.246"/>
</kw>
<status status="PASS" starttime="20221022 22:12:11.995" endtime="20221022 22:12:12.246"/>
</iter>
<iter>
<var name="${i}">3</var>
<kw name="Set Selenium Speed" library="SeleniumLibrary">
<arg>0</arg>
<doc>Sets the delay that is waited after each Selenium command.</doc>
<status status="PASS" starttime="20221022 22:12:12.247" endtime="20221022 22:12:12.248"/>
</kw>
<kw name="Click Element" library="SeleniumLibrary">
<arg>${btn_addtocart} [${i}]</arg>
<doc>Click the element identified by ``locator``.</doc>
<msg timestamp="20221022 22:12:12.250" level="INFO">Clicking element '(//div[@class='inventory_item_name']) [3]'.</msg>
<status status="PASS" starttime="20221022 22:12:12.248" endtime="20221022 22:12:12.366"/>
</kw>
<kw name="Click Button" library="SeleniumLibrary">
<arg>${addToCartLocator}</arg>
<doc>Clicks the button identified by ``locator``.</doc>
<msg timestamp="20221022 22:12:12.368" level="INFO">Clicking button '//button[contains(text(),'Add to cart')]'.</msg>
<status status="PASS" starttime="20221022 22:12:12.367" endtime="20221022 22:12:12.455"/>
</kw>
<kw name="Click Button" library="SeleniumLibrary">
<arg>${backToProducts}</arg>
<doc>Clicks the button identified by ``locator``.</doc>
<msg timestamp="20221022 22:12:12.457" level="INFO">Clicking button '//button[@id='back-to-products']'.</msg>
<status status="PASS" starttime="20221022 22:12:12.455" endtime="20221022 22:12:12.542"/>
</kw>
<status status="PASS" starttime="20221022 22:12:12.246" endtime="20221022 22:12:12.542"/>
</iter>
<iter>
<var name="${i}">4</var>
<kw name="Set Selenium Speed" library="SeleniumLibrary">
<arg>0</arg>
<doc>Sets the delay that is waited after each Selenium command.</doc>
<status status="PASS" starttime="20221022 22:12:12.543" endtime="20221022 22:12:12.544"/>
</kw>
<kw name="Click Element" library="SeleniumLibrary">
<arg>${btn_addtocart} [${i}]</arg>
<doc>Click the element identified by ``locator``.</doc>
<msg timestamp="20221022 22:12:12.547" level="INFO">Clicking element '(//div[@class='inventory_item_name']) [4]'.</msg>
<status status="PASS" starttime="20221022 22:12:12.545" endtime="20221022 22:12:12.661"/>
</kw>
<kw name="Click Button" library="SeleniumLibrary">
<arg>${addToCartLocator}</arg>
<doc>Clicks the button identified by ``locator``.</doc>
<msg timestamp="20221022 22:12:12.663" level="INFO">Clicking button '//button[contains(text(),'Add to cart')]'.</msg>
<status status="PASS" starttime="20221022 22:12:12.662" endtime="20221022 22:12:12.732"/>
</kw>
<kw name="Click Button" library="SeleniumLibrary">
<arg>${backToProducts}</arg>
<doc>Clicks the button identified by ``locator``.</doc>
<msg timestamp="20221022 22:12:12.734" level="INFO">Clicking button '//button[@id='back-to-products']'.</msg>
<status status="PASS" starttime="20221022 22:12:12.732" endtime="20221022 22:12:12.818"/>
</kw>
<status status="PASS" starttime="20221022 22:12:12.543" endtime="20221022 22:12:12.818"/>
</iter>
<iter>
<var name="${i}">5</var>
<kw name="Set Selenium Speed" library="SeleniumLibrary">
<arg>0</arg>
<doc>Sets the delay that is waited after each Selenium command.</doc>
<status status="PASS" starttime="20221022 22:12:12.819" endtime="20221022 22:12:12.820"/>
</kw>
<kw name="Click Element" library="SeleniumLibrary">
<arg>${btn_addtocart} [${i}]</arg>
<doc>Click the element identified by ``locator``.</doc>
<msg timestamp="20221022 22:12:12.822" level="INFO">Clicking element '(//div[@class='inventory_item_name']) [5]'.</msg>
<status status="PASS" starttime="20221022 22:12:12.821" endtime="20221022 22:12:12.918"/>
</kw>
<kw name="Click Button" library="SeleniumLibrary">
<arg>${addToCartLocator}</arg>
<doc>Clicks the button identified by ``locator``.</doc>
<msg timestamp="20221022 22:12:12.920" level="INFO">Clicking button '//button[contains(text(),'Add to cart')]'.</msg>
<status status="PASS" starttime="20221022 22:12:12.919" endtime="20221022 22:12:13.006"/>
</kw>
<kw name="Click Button" library="SeleniumLibrary">
<arg>${backToProducts}</arg>
<doc>Clicks the button identified by ``locator``.</doc>
<msg timestamp="20221022 22:12:13.008" level="INFO">Clicking button '//button[@id='back-to-products']'.</msg>
<status status="PASS" starttime="20221022 22:12:13.007" endtime="20221022 22:12:13.094"/>
</kw>
<status status="PASS" starttime="20221022 22:12:12.819" endtime="20221022 22:12:13.095"/>
</iter>
<iter>
<var name="${i}">6</var>
<kw name="Set Selenium Speed" library="SeleniumLibrary">
<arg>0</arg>
<doc>Sets the delay that is waited after each Selenium command.</doc>
<status status="PASS" starttime="20221022 22:12:13.096" endtime="20221022 22:12:13.097"/>
</kw>
<kw name="Click Element" library="SeleniumLibrary">
<arg>${btn_addtocart} [${i}]</arg>
<doc>Click the element identified by ``locator``.</doc>
<msg timestamp="20221022 22:12:13.099" level="INFO">Clicking element '(//div[@class='inventory_item_name']) [6]'.</msg>
<status status="PASS" starttime="20221022 22:12:13.098" endtime="20221022 22:12:13.158"/>
</kw>
<kw name="Click Button" library="SeleniumLibrary">
<arg>${addToCartLocator}</arg>
<doc>Clicks the button identified by ``locator``.</doc>
<msg timestamp="20221022 22:12:13.160" level="INFO">Clicking button '//button[contains(text(),'Add to cart')]'.</msg>
<status status="PASS" starttime="20221022 22:12:13.158" endtime="20221022 22:12:13.228"/>
</kw>
<kw name="Click Button" library="SeleniumLibrary">
<arg>${backToProducts}</arg>
<doc>Clicks the button identified by ``locator``.</doc>
<msg timestamp="20221022 22:12:13.230" level="INFO">Clicking button '//button[@id='back-to-products']'.</msg>
<status status="PASS" starttime="20221022 22:12:13.228" endtime="20221022 22:12:13.307"/>
</kw>
<status status="PASS" starttime="20221022 22:12:13.095" endtime="20221022 22:12:13.308"/>
</iter>
<status status="PASS" starttime="20221022 22:12:11.722" endtime="20221022 22:12:13.308"/>
</for>
<kw name="Get Text" library="SeleniumLibrary">
<var>${count}</var>
<arg>//span[@class='shopping_cart_badge']</arg>
<doc>Returns the text value of the element identified by ``locator``.</doc>
<msg timestamp="20221022 22:12:13.392" level="INFO">${count} = 6</msg>
<status status="PASS" starttime="20221022 22:12:13.308" endtime="20221022 22:12:13.393"/>
</kw>
<kw name="Log To Console" library="BuiltIn">
<arg>${count}</arg>
<doc>Logs the given message to the console.</doc>
<status status="PASS" starttime="20221022 22:12:13.393" endtime="20221022 22:12:13.394"/>
</kw>
<kw name="Should Be Equal As Integers" library="BuiltIn">
<arg>${count}</arg>
<arg>${count}</arg>
<doc>Fails if objects are unequal after converting them to integers.</doc>
<status status="PASS" starttime="20221022 22:12:13.394" endtime="20221022 22:12:13.395"/>
</kw>
<status status="PASS" starttime="20221022 22:12:11.698" endtime="20221022 22:12:13.396"/>
</kw>
<kw name="Go to cart and order" library="AddProductPage">
<kw name="Click Element" library="SeleniumLibrary">
<arg>${btn_cart}</arg>
<doc>Click the element identified by ``locator``.</doc>
<msg timestamp="20221022 22:12:13.399" level="INFO">Clicking element '//div[@class='shopping_cart_container']'.</msg>
<status status="PASS" starttime="20221022 22:12:13.398" endtime="20221022 22:12:13.481"/>
</kw>
<kw name="Click Button" library="SeleniumLibrary">
<arg>${btn_checkout}</arg>
<doc>Clicks the button identified by ``locator``.</doc>
<msg timestamp="20221022 22:12:13.483" level="INFO">Clicking button '//button[@name='checkout']'.</msg>
<status status="PASS" starttime="20221022 22:12:13.481" endtime="20221022 22:12:13.574"/>
</kw>
<kw name="Page Should Contain" library="SeleniumLibrary">
<arg>${assert_text}</arg>
<doc>Verifies that current page contains ``text``.</doc>
<msg timestamp="20221022 22:12:13.594" level="INFO">Current page contains text 'Checkout: Your Information'.</msg>
<status status="PASS" starttime="20221022 22:12:13.574" endtime="20221022 22:12:13.594"/>
</kw>
<status status="PASS" starttime="20221022 22:12:13.396" endtime="20221022 22:12:13.595"/>
</kw>
<kw name="Add Delivery Details" library="AddProductPage">
<kw name="Set Selenium Speed" library="SeleniumLibrary">
<arg>1</arg>
<doc>Sets the delay that is waited after each Selenium command.</doc>
<status status="PASS" starttime="20221022 22:12:13.596" endtime="20221022 22:12:13.596"/>
</kw>
<kw name="Input Text" library="SeleniumLibrary">
<arg>${txt_firstname}</arg>
<arg>${firstName}</arg>
<doc>Types the given ``text`` into the text field identified by ``locator``.</doc>
<msg timestamp="20221022 22:12:13.599" level="INFO">Typing text 'raman' into text field '//input[@name='firstName']'.</msg>
<status status="PASS" starttime="20221022 22:12:13.597" endtime="20221022 22:12:16.756"/>
</kw>
<kw name="Input Text" library="SeleniumLibrary">
<arg>${txt_lastname}</arg>
<arg>${lastName}</arg>
<doc>Types the given ``text`` into the text field identified by ``locator``.</doc>
<msg timestamp="20221022 22:12:16.759" level="INFO">Typing text 'yadav' into text field '//input[@name='lastName']'.</msg>
<status status="PASS" starttime="20221022 22:12:16.757" endtime="20221022 22:12:19.914"/>
</kw>
<kw name="Input Text" library="SeleniumLibrary">
<arg>${txt_pincode}</arg>
<arg>${postalCode}</arg>
<doc>Types the given ``text`` into the text field identified by ``locator``.</doc>
<msg timestamp="20221022 22:12:19.916" level="INFO">Typing text '100257' into text field '//input[@name='postalCode']'.</msg>
<status status="PASS" starttime="20221022 22:12:19.915" endtime="20221022 22:12:23.070"/>
</kw>
<kw name="Click Element" library="SeleniumLibrary">
<arg>${btn_continue}</arg>
<doc>Click the element identified by ``locator``.</doc>
<msg timestamp="20221022 22:12:23.071" level="INFO">Clicking element '//input[@name='continue']'.</msg>
<status status="PASS" starttime="20221022 22:12:23.070" endtime="20221022 22:12:25.194"/>
</kw>
<kw name="Click Button" library="SeleniumLibrary">
<arg>${btn_finish}</arg>
<doc>Clicks the button identified by ``locator``.</doc>
<msg timestamp="20221022 22:12:25.197" level="INFO">Clicking button '//button[@name='finish']'.</msg>
<status status="PASS" starttime="20221022 22:12:25.195" endtime="20221022 22:12:30.326"/>
</kw>
<kw name="Page Should Contain" library="SeleniumLibrary">
<arg>${assert_txt}</arg>
<doc>Verifies that current page contains ``text``.</doc>
<msg timestamp="20221022 22:12:32.367" level="INFO">Current page contains text 'THANK YOU FOR YOUR ORDER'.</msg>
<status status="PASS" starttime="20221022 22:12:30.326" endtime="20221022 22:12:32.367"/>
</kw>
<kw name="Click Button" library="SeleniumLibrary">
<arg>${btn_backtohome}</arg>
<doc>Clicks the button identified by ``locator``.</doc>
<msg timestamp="20221022 22:12:32.369" level="INFO">Clicking button '//button[@name='back-to-products']'.</msg>
<status status="PASS" starttime="20221022 22:12:32.368" endtime="20221022 22:12:37.477"/>
</kw>
<status status="PASS" starttime="20221022 22:12:13.595" endtime="20221022 22:12:37.477"/>
</kw>
<kw name="Logout from the website" library="LogoutPage">
<kw name="Click Button" library="SeleniumLibrary">
<arg>${btn_menu}</arg>
<doc>Clicks the button identified by ``locator``.</doc>
<msg timestamp="20221022 22:12:37.477" level="INFO">Clicking button '//button[@id='react-burger-menu-btn']'.</msg>
<status status="PASS" starttime="20221022 22:12:37.477" endtime="20221022 22:12:42.615"/>
</kw>
<kw name="Click Link" library="SeleniumLibrary">
<arg>Logout</arg>
<doc>Clicks a link identified by ``locator``.</doc>
<msg timestamp="20221022 22:12:42.615" level="INFO">Clicking link 'Logout'.</msg>
<status status="PASS" starttime="20221022 22:12:42.615" endtime="20221022 22:12:45.677"/>
</kw>
<status status="PASS" starttime="20221022 22:12:37.477" endtime="20221022 22:12:45.677"/>
</kw>
<kw name="Close My Browser" library="CommonPage" type="TEARDOWN">
<kw name="Close All Browsers" library="SeleniumLibrary">
<doc>Closes all open browsers and resets the browser cache.</doc>
<status status="PASS" starttime="20221022 22:12:45.677" endtime="20221022 22:12:49.739"/>
</kw>
<status status="PASS" starttime="20221022 22:12:45.677" endtime="20221022 22:12:49.740"/>
</kw>
<status status="PASS" starttime="20221022 22:12:06.856" endtime="20221022 22:12:49.740"/>
</test>
<status status="PASS" starttime="20221022 22:12:06.419" endtime="20221022 22:12:49.741"/>
</suite>
<status status="PASS" starttime="20221022 22:12:06.388" endtime="20221022 22:12:49.744"/>
</suite>
<statistics>
<total>
<stat pass="1" fail="0" skip="0">All Tests</stat>
</total>
<tag>
</tag>
<suite>
<stat pass="1" fail="0" skip="0" id="s1" name="Suites">Suites</stat>
<stat pass="1" fail="0" skip="0" id="s1-s1" name="TC2 AddProductPage">Suites.TC2 AddProductPage</stat>
</suite>
</statistics>
<errors>
</errors>
</robot>
