<?xml version="1.0" encoding="UTF-8"?>
<robot generator="Robot 6.0 (Python 3.10.8 on win32)" generated="20221022 22:12:06.388" rpa="false" schemaversion="3">
<suite id="s1" name="Suites">
<suite id="s1-s1" name="TC1 LoginPage" source="E:\Project\Robot Project\SauceDemoRobotFramework\TestCases\TC1_LoginPage.robot">
<test id="s1-s1-t1" name="Login in the website" line="11">
<kw name="Open my Browser" library="CommonPage" type="SETUP">
<kw name="Open Browser" library="SeleniumLibrary">
<arg>${site}</arg>
<arg>${browser}</arg>
<doc>Opens a new browser instance to the optional ``url``.</doc>
<msg timestamp="20221022 22:12:06.841" level="INFO">Opening browser 'headlessChrome' to base url 'https://www.saucedemo.com/'.</msg>
<status status="PASS" starttime="20221022 22:12:06.841" endtime="20221022 22:12:10.967"/>
</kw>
<kw name="Maximize Browser Window" library="SeleniumLibrary">
<doc>Maximizes current browser window.</doc>
<status status="PASS" starttime="20221022 22:12:10.968" endtime="20221022 22:12:11.081"/>
</kw>
<status status="PASS" starttime="20221022 22:12:06.841" endtime="20221022 22:12:11.081"/>
</kw>
<kw name="Enter Login Credentials and verfiy the page" library="LoginPage">
<kw name="Set Selenium Implicit Wait" library="SeleniumLibrary">
<arg>10</arg>
<doc>Sets the implicit wait value used by Selenium.</doc>
<status status="PASS" starttime="20221022 22:12:11.083" endtime="20221022 22:12:11.085"/>
</kw>
<kw name="Input Text" library="SeleniumLibrary">
<arg>${txt_username}</arg>
<arg>${username}</arg>
<doc>Types the given ``text`` into the text field identified by ``locator``.</doc>
<msg timestamp="20221022 22:12:11.087" level="INFO">Typing text 'standard_user' into text field '//input[@placeholder='Username']'.</msg>
<status status="PASS" starttime="20221022 22:12:11.086" endtime="20221022 22:12:11.324"/>
</kw>
<kw name="Input Password" library="SeleniumLibrary">
<arg>${txt_password}</arg>
<arg>${password}</arg>
<doc>Types the given password into the text field identified by ``locator``.</doc>
<msg timestamp="20221022 22:12:11.327" level="INFO">Typing password into text field '//input[@placeholder='Password']'.</msg>
<msg timestamp="20221022 22:12:11.399" level="INFO">Temporally setting log level to: NONE</msg>
<msg timestamp="20221022 22:12:11.507" level="INFO">Log level changed from NONE to INFO.</msg>
<status status="PASS" starttime="20221022 22:12:11.325" endtime="20221022 22:12:11.508"/>
</kw>
<kw name="Click Element" library="SeleniumLibrary">
<arg>${btn_login}</arg>
<doc>Click the element identified by ``locator``.</doc>
<msg timestamp="20221022 22:12:11.510" level="INFO">Clicking element '//input[@type='submit']'.</msg>
<status status="PASS" starttime="20221022 22:12:11.508" endtime="20221022 22:12:11.691"/>
</kw>
<kw name="Page Should Contain" library="SeleniumLibrary">
<arg>Sauce Labs</arg>
<doc>Verifies that current page contains ``text``.</doc>
<msg timestamp="20221022 22:12:11.724" level="INFO">Current page contains text 'Sauce Labs'.</msg>
<status status="PASS" starttime="20221022 22:12:11.692" endtime="20221022 22:12:11.724"/>
</kw>
<status status="PASS" starttime="20221022 22:12:11.082" endtime="20221022 22:12:11.725"/>
</kw>
<kw name="Logout from the website" library="LogoutPage">
<kw name="Click Button" library="SeleniumLibrary">
<arg>${btn_menu}</arg>
<doc>Clicks the button identified by ``locator``.</doc>
<msg timestamp="20221022 22:12:11.728" level="INFO">Clicking button '//button[@id='react-burger-menu-btn']'.</msg>
<status status="PASS" starttime="20221022 22:12:11.726" endtime="20221022 22:12:11.815"/>
</kw>
<kw name="Click Link" library="SeleniumLibrary">
<arg>Logout</arg>
<doc>Clicks a link identified by ``locator``.</doc>
<msg timestamp="20221022 22:12:11.816" level="INFO">Clicking link 'Logout'.</msg>
<status status="PASS" starttime="20221022 22:12:11.815" endtime="20221022 22:12:11.951"/>
</kw>
<status status="PASS" starttime="20221022 22:12:11.725" endtime="20221022 22:12:11.951"/>
</kw>
<kw name="Close My Browser" library="CommonPage" type="TEARDOWN">
<kw name="Close All Browsers" library="SeleniumLibrary">
<doc>Closes all open browsers and resets the browser cache.</doc>
<status status="PASS" starttime="20221022 22:12:11.953" endtime="20221022 22:12:14.096"/>
</kw>
<status status="PASS" starttime="20221022 22:12:11.952" endtime="20221022 22:12:14.097"/>
</kw>
<status status="PASS" starttime="20221022 22:12:06.841" endtime="20221022 22:12:14.098"/>
</test>
<status status="PASS" starttime="20221022 22:12:06.434" endtime="20221022 22:12:14.099"/>
</suite>
<status status="PASS" starttime="20221022 22:12:06.403" endtime="20221022 22:12:14.279"/>
</suite>
<statistics>
<total>
<stat pass="1" fail="0" skip="0">All Tests</stat>
</total>
<tag>
</tag>
<suite>
<stat pass="1" fail="0" skip="0" id="s1" name="Suites">Suites</stat>
<stat pass="1" fail="0" skip="0" id="s1-s1" name="TC1 LoginPage">Suites.TC1 LoginPage</stat>
</suite>
</statistics>
<errors>
</errors>
</robot>
