<?xml version="1.0" encoding="UTF-8"?>
<robot generator="Robot 6.0 (Python 3.10.8 on win32)" generated="20221022 22:20:58.796" rpa="false" schemaversion="3">
<suite id="s1" name="Suites">
<suite id="s1-s1" name="TC1 LoginPage" source="E:\Project\Robot Project\SauceDemoRobotFramework\TestCases\TC1_LoginPage.robot">
<test id="s1-s1-t1" name="Login in the website" line="11">
<kw name="Open my Browser" library="CommonPage" type="SETUP">
<kw name="Open Browser" library="SeleniumLibrary">
<arg>${site}</arg>
<arg>${browser}</arg>
<doc>Opens a new browser instance to the optional ``url``.</doc>
<msg timestamp="20221022 22:20:59.233" level="INFO">Opening browser 'headlessChrome' to base url 'https://www.saucedemo.com/'.</msg>
<status status="PASS" starttime="20221022 22:20:59.232" endtime="20221022 22:21:01.716"/>
</kw>
<kw name="Maximize Browser Window" library="SeleniumLibrary">
<doc>Maximizes current browser window.</doc>
<status status="PASS" starttime="20221022 22:21:01.717" endtime="20221022 22:21:01.860"/>
</kw>
<status status="PASS" starttime="20221022 22:20:59.231" endtime="20221022 22:21:01.861"/>
</kw>
<kw name="Enter Login Credentials and verfiy the page" library="LoginPage">
<kw name="Set Selenium Implicit Wait" library="SeleniumLibrary">
<arg>10</arg>
<doc>Sets the implicit wait value used by Selenium.</doc>
<status status="PASS" starttime="20221022 22:21:01.863" endtime="20221022 22:21:01.867"/>
</kw>
<kw name="Input Text" library="SeleniumLibrary">
<arg>${txt_username}</arg>
<arg>${username}</arg>
<doc>Types the given ``text`` into the text field identified by ``locator``.</doc>
<msg timestamp="20221022 22:21:01.869" level="INFO">Typing text 'standard_user' into text field '//input[@placeholder='Username']'.</msg>
<status status="PASS" starttime="20221022 22:21:01.867" endtime="20221022 22:21:02.073"/>
</kw>
<kw name="Input Password" library="SeleniumLibrary">
<arg>${txt_password}</arg>
<arg>${password}</arg>
<doc>Types the given password into the text field identified by ``locator``.</doc>
<msg timestamp="20221022 22:21:02.076" level="INFO">Typing password into text field '//input[@placeholder='Password']'.</msg>
<msg timestamp="20221022 22:21:02.137" level="INFO">Temporally setting log level to: NONE</msg>
<msg timestamp="20221022 22:21:02.217" level="INFO">Log level changed from NONE to INFO.</msg>
<status status="PASS" starttime="20221022 22:21:02.074" endtime="20221022 22:21:02.217"/>
</kw>
<kw name="Click Element" library="SeleniumLibrary">
<arg>${btn_login}</arg>
<doc>Click the element identified by ``locator``.</doc>
<msg timestamp="20221022 22:21:02.219" level="INFO">Clicking element '//input[@type='submit']'.</msg>
<status status="PASS" starttime="20221022 22:21:02.218" endtime="20221022 22:21:02.371"/>
</kw>
<kw name="Page Should Contain" library="SeleniumLibrary">
<arg>Sauce Labs</arg>
<doc>Verifies that current page contains ``text``.</doc>
<msg timestamp="20221022 22:21:02.392" level="INFO">Current page contains text 'Sauce Labs'.</msg>
<status status="PASS" starttime="20221022 22:21:02.372" endtime="20221022 22:21:02.393"/>
</kw>
<status status="PASS" starttime="20221022 22:21:01.862" endtime="20221022 22:21:02.393"/>
</kw>
<kw name="Logout from the website" library="LogoutPage">
<kw name="Click Button" library="SeleniumLibrary">
<arg>${btn_menu}</arg>
<doc>Clicks the button identified by ``locator``.</doc>
<msg timestamp="20221022 22:21:02.395" level="INFO">Clicking button '//button[@id='react-burger-menu-btn']'.</msg>
<status status="PASS" starttime="20221022 22:21:02.394" endtime="20221022 22:21:02.474"/>
</kw>
<kw name="Click Link" library="SeleniumLibrary">
<arg>Logout</arg>
<doc>Clicks a link identified by ``locator``.</doc>
<msg timestamp="20221022 22:21:02.475" level="INFO">Clicking link 'Logout'.</msg>
<status status="PASS" starttime="20221022 22:21:02.474" endtime="20221022 22:21:02.620"/>
</kw>
<status status="PASS" starttime="20221022 22:21:02.393" endtime="20221022 22:21:02.620"/>
</kw>
<kw name="Close My Browser" library="CommonPage" type="TEARDOWN">
<kw name="Close All Browsers" library="SeleniumLibrary">
<doc>Closes all open browsers and resets the browser cache.</doc>
<status status="PASS" starttime="20221022 22:21:02.622" endtime="20221022 22:21:04.766"/>
</kw>
<status status="PASS" starttime="20221022 22:21:02.621" endtime="20221022 22:21:04.767"/>
</kw>
<status status="PASS" starttime="20221022 22:20:59.229" endtime="20221022 22:21:04.768"/>
</test>
<status status="PASS" starttime="20221022 22:20:58.835" endtime="20221022 22:21:04.769"/>
</suite>
<status status="PASS" starttime="20221022 22:20:58.811" endtime="20221022 22:21:04.818"/>
</suite>
<statistics>
<total>
<stat pass="1" fail="0" skip="0">All Tests</stat>
</total>
<tag>
</tag>
<suite>
<stat pass="1" fail="0" skip="0" id="s1" name="Suites">Suites</stat>
<stat pass="1" fail="0" skip="0" id="s1-s1" name="TC1 LoginPage">Suites.TC1 LoginPage</stat>
</suite>
</statistics>
<errors>
</errors>
</robot>
